warning: variable does not need to be mutable
   --> src/object_store_cache.rs:593:50
    |
593 |                         GetResultPayload::Stream(mut s) => {
    |                                                  ----^
    |                                                  |
    |                                                  help: remove this `mut`
    |
    = note: `#[warn(unused_mut)]` on by default

warning: `timefusion` (lib) generated 1 warning (run `cargo fix --lib -p timefusion` to apply 1 suggestion)
   Compiling timefusion v0.1.0 (/Users/tonyalaribe/Projects/apitoolkit/timefusion)
    Finished `release` profile [optimized] target(s) in 16.05s
     Running `target/release/timefusion`
[2m2025-08-06T13:48:45.613049Z[0m [32m INFO[0m [2mtimefusion[0m[2m:[0m Starting TimeFusion application
[2m2025-08-06T13:48:45.613487Z[0m [32m INFO[0m [2mtimefusion::database[0m[2m:[0m AWS handlers registered
[2m2025-08-06T13:48:45.613490Z[0m [32m INFO[0m [2mtimefusion::database[0m[2m:[0m DynamoDB locking not configured. AWS_S3_LOCKING_PROVIDER=None, DELTA_DYNAMO_TABLE_NAME=Some("delta_log")
[2m2025-08-06T13:48:45.613531Z[0m [32m INFO[0m [2mtimefusion::database[0m[2m:[0m Initializing shared Foyer hybrid cache (memory: 4096MB, disk: 40GB, TTL: 36000s)
[2m2025-08-06T13:48:45.613533Z[0m [32m INFO[0m [2mtimefusion::object_store_cache[0m[2m:[0m Initializing shared Foyer hybrid cache (memory: 4096MB, disk: 40GB, ttl: 36000s)
[2m2025-08-06T13:48:45.613698Z[0m [32m INFO[0m [2mfoyer_storage::store[0m[2m:[0m [store]: Dedicated runtime is disabled. This may lead to spikes in latency under high load. Hint: Consider configuring a dedicated runtime.
[2m2025-08-06T13:48:45.667954Z[0m [32m INFO[0m [2mfoyer_storage::large::recover[0m[2m:[0m Recovers 0 regions with data, 1280 clean regions, 0 total entries with max sequence as 0, initial reclaim permits is 0.
[2m2025-08-06T13:48:45.668052Z[0m [32m INFO[0m [2mfoyer_storage::large::recover[0m[2m:[0m [recover] finish in 7.423792ms
[2m2025-08-06T13:48:45.668306Z[0m [32m INFO[0m [2mtimefusion::database[0m[2m:[0m Shared Foyer cache initialized successfully for all tables
[2m2025-08-06T13:48:45.668360Z[0m [32m INFO[0m [2mtimefusion[0m[2m:[0m Database initialized successfully
[2m2025-08-06T13:48:45.668439Z[0m [32m INFO[0m [2mtimefusion[0m[2m:[0m Batch queue configured (enabled=true, interval=1000ms, max_size=1000)
[2m2025-08-06T13:48:45.668873Z[0m [32m INFO[0m [2mtokio_cron_scheduler::job_scheduler[0m[2m:[0m Uninited
[2m2025-08-06T13:48:45.668973Z[0m [32m INFO[0m [2mtokio_cron_scheduler::job_scheduler[0m[2m:[0m Job creator created
[2m2025-08-06T13:48:45.669003Z[0m [32m INFO[0m [2mtokio_cron_scheduler::job_scheduler[0m[2m:[0m Job creator created
[2m2025-08-06T13:48:45.669042Z[0m [32m INFO[0m [2mtokio_cron_scheduler::job_scheduler[0m[2m:[0m Job creator created
[2m2025-08-06T13:48:45.669093Z[0m [32m INFO[0m [2mtokio_cron_scheduler::job_scheduler[0m[2m:[0m Job creator created
[2m2025-08-06T13:48:45.672584Z[0m [32m INFO[0m [2mtimefusion::database[0m[2m:[0m Registered ProjectRoutingTable for table 'otel_logs_and_spans' with SessionContext
[2m2025-08-06T13:48:45.672850Z[0m [32m INFO[0m [2mtimefusion::database[0m[2m:[0m Registered JSON functions with SessionContext
[2m2025-08-06T13:48:45.672855Z[0m [32m INFO[0m [2mtimefusion[0m[2m:[0m PGWIRE_PORT environment variable: Ok("12345")
[2m2025-08-06T13:48:45.672858Z[0m [32m INFO[0m [2mtimefusion[0m[2m:[0m Starting PGWire server on port: 12345
[2m2025-08-06T13:48:45.672924Z[0m [32m INFO[0m [2mdatafusion_postgres[0m[2m:[0m TLS not configured. Running without encryption.    
[2m2025-08-06T13:48:45.673004Z[0m [32m INFO[0m [2mdatafusion_postgres[0m[2m:[0m Listening on 0.0.0.0:12345 (unencrypted)    
[2m2025-08-06T13:48:56.919669Z[0m [34mDEBUG[0m [2mtimefusion::database[0m[2m:[0m Checking cache for project '4920cc49-876e-41fa-be63-52d5bcfc037e' table 'otel_logs_and_spans', cache contains 0 entries
[2m2025-08-06T13:48:56.919708Z[0m [34mDEBUG[0m [2mtimefusion::database[0m[2m:[0m Table not found in cache for project '4920cc49-876e-41fa-be63-52d5bcfc037e' table 'otel_logs_and_spans', creating/loading
[2m2025-08-06T13:48:56.919785Z[0m [32m INFO[0m [2mtimefusion::database[0m[2m:[0m Storage options configured: {"aws_secret_access_key": "922246ff42b491c988996746eb5474d5e12edc0c19a4e9f9506ca11a2236cac3", "aws_access_key_id": "b1d6337c9394ba10e03f33977aa20bf8", "aws_endpoint": "https://3fb0eca2db234d2b34c5e39507b6f388.r2.cloudflarestorage.com"}
[2m2025-08-06T13:48:56.919812Z[0m [32m INFO[0m [2mtimefusion::database[0m[2m:[0m Creating or loading table for project '4920cc49-876e-41fa-be63-52d5bcfc037e' table 'otel_logs_and_spans' at: s3://timefusion-eu/timefusion/projects/4920cc49-876e-41fa-be63-52d5bcfc037e/otel_logs_and_spans/?endpoint=https://3fb0eca2db234d2b34c5e39507b6f388.r2.cloudflarestorage.com
[2m2025-08-06T13:48:56.919974Z[0m [32m INFO[0m [2mobject_store::aws::builder[0m[2m:[0m Using Static credential provider
[2m2025-08-06T13:48:56.928501Z[0m [32m INFO[0m [2mtimefusion::object_store_cache[0m[2m:[0m Foyer cache MISS for: timefusion/projects/4920cc49-876e-41fa-be63-52d5bcfc037e/otel_logs_and_spans/_delta_log/_last_checkpoint (fetching from S3, delta=true, checkpoint=true, parquet=false, will_cache=true, TTL=5s)
[2m2025-08-06T13:48:58.594363Z[0m [32m INFO[0m [2mtimefusion::object_store_cache[0m[2m:[0m Foyer cache MISS for: timefusion/projects/4920cc49-876e-41fa-be63-52d5bcfc037e/otel_logs_and_spans/_delta_log/00000000000000002327.json (fetching from S3, delta=true, checkpoint=false, parquet=false, will_cache=true, TTL=3600s)
[2m2025-08-06T13:48:58.594549Z[0m [32m INFO[0m [2mtimefusion::object_store_cache[0m[2m:[0m Foyer cache MISS for: timefusion/projects/4920cc49-876e-41fa-be63-52d5bcfc037e/otel_logs_and_spans/_delta_log/00000000000000002300.json (fetching from S3, delta=true, checkpoint=false, parquet=false, will_cache=true, TTL=3600s)
[2m2025-08-06T13:48:58.594648Z[0m [32m INFO[0m [2mtimefusion::object_store_cache[0m[2m:[0m Foyer cache MISS for: timefusion/projects/4920cc49-876e-41fa-be63-52d5bcfc037e/otel_logs_and_spans/_delta_log/00000000000000002307.json (fetching from S3, delta=true, checkpoint=false, parquet=false, will_cache=true, TTL=3600s)
[2m2025-08-06T13:48:58.594764Z[0m [32m INFO[0m [2mtimefusion::object_store_cache[0m[2m:[0m Foyer cache MISS for: timefusion/projects/4920cc49-876e-41fa-be63-52d5bcfc037e/otel_logs_and_spans/_delta_log/00000000000000002316.json (fetching from S3, delta=true, checkpoint=false, parquet=false, will_cache=true, TTL=3600s)
[2m2025-08-06T13:48:58.594844Z[0m [32m INFO[0m [2mtimefusion::object_store_cache[0m[2m:[0m Foyer cache MISS for: timefusion/projects/4920cc49-876e-41fa-be63-52d5bcfc037e/otel_logs_and_spans/_delta_log/00000000000000002306.json (fetching from S3, delta=true, checkpoint=false, parquet=false, will_cache=true, TTL=3600s)
[2m2025-08-06T13:48:58.594936Z[0m [32m INFO[0m [2mtimefusion::object_store_cache[0m[2m:[0m Foyer cache MISS for: timefusion/projects/4920cc49-876e-41fa-be63-52d5bcfc037e/otel_logs_and_spans/_delta_log/00000000000000002326.json (fetching from S3, delta=true, checkpoint=false, parquet=false, will_cache=true, TTL=3600s)
[2m2025-08-06T13:48:58.595044Z[0m [32m INFO[0m [2mtimefusion::object_store_cache[0m[2m:[0m Foyer cache MISS for: timefusion/projects/4920cc49-876e-41fa-be63-52d5bcfc037e/otel_logs_and_spans/_delta_log/00000000000000002305.json (fetching from S3, delta=true, checkpoint=false, parquet=false, will_cache=true, TTL=3600s)
[2m2025-08-06T13:48:58.595123Z[0m [32m INFO[0m [2mtimefusion::object_store_cache[0m[2m:[0m Foyer cache MISS for: timefusion/projects/4920cc49-876e-41fa-be63-52d5bcfc037e/otel_logs_and_spans/_delta_log/00000000000000002325.json (fetching from S3, delta=true, checkpoint=false, parquet=false, will_cache=true, TTL=3600s)
[2m2025-08-06T13:48:58.595204Z[0m [32m INFO[0m [2mtimefusion::object_store_cache[0m[2m:[0m Foyer cache MISS for: timefusion/projects/4920cc49-876e-41fa-be63-52d5bcfc037e/otel_logs_and_spans/_delta_log/00000000000000002304.json (fetching from S3, delta=true, checkpoint=false, parquet=false, will_cache=true, TTL=3600s)
[2m2025-08-06T13:48:58.595291Z[0m [32m INFO[0m [2mtimefusion::object_store_cache[0m[2m:[0m Foyer cache MISS for: timefusion/projects/4920cc49-876e-41fa-be63-52d5bcfc037e/otel_logs_and_spans/_delta_log/00000000000000002324.json (fetching from S3, delta=true, checkpoint=false, parquet=false, will_cache=true, TTL=3600s)
[2m2025-08-06T13:48:58.595370Z[0m [32m INFO[0m [2mtimefusion::object_store_cache[0m[2m:[0m Foyer cache MISS for: timefusion/projects/4920cc49-876e-41fa-be63-52d5bcfc037e/otel_logs_and_spans/_delta_log/00000000000000002303.json (fetching from S3, delta=true, checkpoint=false, parquet=false, will_cache=true, TTL=3600s)
[2m2025-08-06T13:48:58.595452Z[0m [32m INFO[0m [2mtimefusion::object_store_cache[0m[2m:[0m Foyer cache MISS for: timefusion/projects/4920cc49-876e-41fa-be63-52d5bcfc037e/otel_logs_and_spans/_delta_log/00000000000000002323.json (fetching from S3, delta=true, checkpoint=false, parquet=false, will_cache=true, TTL=3600s)
[2m2025-08-06T13:48:58.595534Z[0m [32m INFO[0m [2mtimefusion::object_store_cache[0m[2m:[0m Foyer cache MISS for: timefusion/projects/4920cc49-876e-41fa-be63-52d5bcfc037e/otel_logs_and_spans/_delta_log/00000000000000002302.json (fetching from S3, delta=true, checkpoint=false, parquet=false, will_cache=true, TTL=3600s)
[2m2025-08-06T13:48:58.595617Z[0m [32m INFO[0m [2mtimefusion::object_store_cache[0m[2m:[0m Foyer cache MISS for: timefusion/projects/4920cc49-876e-41fa-be63-52d5bcfc037e/otel_logs_and_spans/_delta_log/00000000000000002301.json (fetching from S3, delta=true, checkpoint=false, parquet=false, will_cache=true, TTL=3600s)
[2m2025-08-06T13:48:58.595703Z[0m [32m INFO[0m [2mtimefusion::object_store_cache[0m[2m:[0m Foyer cache MISS for: timefusion/projects/4920cc49-876e-41fa-be63-52d5bcfc037e/otel_logs_and_spans/_delta_log/00000000000000002322.json (fetching from S3, delta=true, checkpoint=false, parquet=false, will_cache=true, TTL=3600s)
[2m2025-08-06T13:48:58.595786Z[0m [32m INFO[0m [2mtimefusion::object_store_cache[0m[2m:[0m Foyer cache MISS for: timefusion/projects/4920cc49-876e-41fa-be63-52d5bcfc037e/otel_logs_and_spans/_delta_log/00000000000000002321.json (fetching from S3, delta=true, checkpoint=false, parquet=false, will_cache=true, TTL=3600s)
[2m2025-08-06T13:48:58.595978Z[0m [32m INFO[0m [2mtimefusion::object_store_cache[0m[2m:[0m Foyer cache MISS for: timefusion/projects/4920cc49-876e-41fa-be63-52d5bcfc037e/otel_logs_and_spans/_delta_log/00000000000000002320.json (fetching from S3, delta=true, checkpoint=false, parquet=false, will_cache=true, TTL=3600s)
[2m2025-08-06T13:48:58.596180Z[0m [32m INFO[0m [2mtimefusion::object_store_cache[0m[2m:[0m Foyer cache MISS for: timefusion/projects/4920cc49-876e-41fa-be63-52d5bcfc037e/otel_logs_and_spans/_delta_log/00000000000000002319.json (fetching from S3, delta=true, checkpoint=false, parquet=false, will_cache=true, TTL=3600s)
[2m2025-08-06T13:48:58.596277Z[0m [32m INFO[0m [2mtimefusion::object_store_cache[0m[2m:[0m Foyer cache MISS for: timefusion/projects/4920cc49-876e-41fa-be63-52d5bcfc037e/otel_logs_and_spans/_delta_log/00000000000000002318.json (fetching from S3, delta=true, checkpoint=false, parquet=false, will_cache=true, TTL=3600s)
[2m2025-08-06T13:48:58.596371Z[0m [32m INFO[0m [2mtimefusion::object_store_cache[0m[2m:[0m Foyer cache MISS for: timefusion/projects/4920cc49-876e-41fa-be63-52d5bcfc037e/otel_logs_and_spans/_delta_log/00000000000000002317.json (fetching from S3, delta=true, checkpoint=false, parquet=false, will_cache=true, TTL=3600s)
[2m2025-08-06T13:48:58.596460Z[0m [32m INFO[0m [2mtimefusion::object_store_cache[0m[2m:[0m Foyer cache MISS for: timefusion/projects/4920cc49-876e-41fa-be63-52d5bcfc037e/otel_logs_and_spans/_delta_log/00000000000000002312.json (fetching from S3, delta=true, checkpoint=false, parquet=false, will_cache=true, TTL=3600s)
[2m2025-08-06T13:48:58.596550Z[0m [32m INFO[0m [2mtimefusion::object_store_cache[0m[2m:[0m Foyer cache MISS for: timefusion/projects/4920cc49-876e-41fa-be63-52d5bcfc037e/otel_logs_and_spans/_delta_log/00000000000000002315.json (fetching from S3, delta=true, checkpoint=false, parquet=false, will_cache=true, TTL=3600s)
[2m2025-08-06T13:48:58.596642Z[0m [32m INFO[0m [2mtimefusion::object_store_cache[0m[2m:[0m Foyer cache MISS for: timefusion/projects/4920cc49-876e-41fa-be63-52d5bcfc037e/otel_logs_and_spans/_delta_log/00000000000000002314.json (fetching from S3, delta=true, checkpoint=false, parquet=false, will_cache=true, TTL=3600s)
[2m2025-08-06T13:48:58.596723Z[0m [32m INFO[0m [2mtimefusion::object_store_cache[0m[2m:[0m Foyer cache MISS for: timefusion/projects/4920cc49-876e-41fa-be63-52d5bcfc037e/otel_logs_and_spans/_delta_log/00000000000000002308.json (fetching from S3, delta=true, checkpoint=false, parquet=false, will_cache=true, TTL=3600s)
[2m2025-08-06T13:48:58.596797Z[0m [32m INFO[0m [2mtimefusion::object_store_cache[0m[2m:[0m Foyer cache MISS for: timefusion/projects/4920cc49-876e-41fa-be63-52d5bcfc037e/otel_logs_and_spans/_delta_log/00000000000000002313.json (fetching from S3, delta=true, checkpoint=false, parquet=false, will_cache=true, TTL=3600s)
[2m2025-08-06T13:48:58.596975Z[0m [32m INFO[0m [2mtimefusion::object_store_cache[0m[2m:[0m Foyer cache MISS for: timefusion/projects/4920cc49-876e-41fa-be63-52d5bcfc037e/otel_logs_and_spans/_delta_log/00000000000000002311.json (fetching from S3, delta=true, checkpoint=false, parquet=false, will_cache=true, TTL=3600s)
[2m2025-08-06T13:48:58.597069Z[0m [32m INFO[0m [2mtimefusion::object_store_cache[0m[2m:[0m Foyer cache MISS for: timefusion/projects/4920cc49-876e-41fa-be63-52d5bcfc037e/otel_logs_and_spans/_delta_log/00000000000000002329.json (fetching from S3, delta=true, checkpoint=false, parquet=false, will_cache=true, TTL=3600s)
[2m2025-08-06T13:48:58.597163Z[0m [32m INFO[0m [2mtimefusion::object_store_cache[0m[2m:[0m Foyer cache MISS for: timefusion/projects/4920cc49-876e-41fa-be63-52d5bcfc037e/otel_logs_and_spans/_delta_log/00000000000000002310.json (fetching from S3, delta=true, checkpoint=false, parquet=false, will_cache=true, TTL=3600s)
[2m2025-08-06T13:48:58.597257Z[0m [32m INFO[0m [2mtimefusion::object_store_cache[0m[2m:[0m Foyer cache MISS for: timefusion/projects/4920cc49-876e-41fa-be63-52d5bcfc037e/otel_logs_and_spans/_delta_log/00000000000000002309.json (fetching from S3, delta=true, checkpoint=false, parquet=false, will_cache=true, TTL=3600s)
[2m2025-08-06T13:48:58.597340Z[0m [32m INFO[0m [2mtimefusion::object_store_cache[0m[2m:[0m Foyer cache MISS for: timefusion/projects/4920cc49-876e-41fa-be63-52d5bcfc037e/otel_logs_and_spans/_delta_log/00000000000000002328.json (fetching from S3, delta=true, checkpoint=false, parquet=false, will_cache=true, TTL=3600s)
[2m2025-08-06T13:48:59.388549Z[0m [32m INFO[0m [2mtimefusion::object_store_cache[0m[2m:[0m Foyer cache MISS for Parquet: timefusion/projects/4920cc49-876e-41fa-be63-52d5bcfc037e/otel_logs_and_spans/_delta_log/00000000000000002299.checkpoint.parquet (range: 2500827..2500835, fetching full file)
[2m2025-08-06T13:48:59.388644Z[0m [32m INFO[0m [2mtimefusion::object_store_cache[0m[2m:[0m Foyer cache MISS for: timefusion/projects/4920cc49-876e-41fa-be63-52d5bcfc037e/otel_logs_and_spans/_delta_log/00000000000000002299.checkpoint.parquet (fetching from S3, delta=true, checkpoint=true, parquet=true, will_cache=true, TTL=3600s)
[2m2025-08-06T13:48:59.920911Z[0m [34mDEBUG[0m [2mtimefusion::object_store_cache[0m[2m:[0m Foyer cache HIT for range: timefusion/projects/4920cc49-876e-41fa-be63-52d5bcfc037e/otel_logs_and_spans/_delta_log/00000000000000002299.checkpoint.parquet (range: 2457119..2500827, parquet=true, age=1ms)
[2m2025-08-06T13:48:59.923194Z[0m [34mDEBUG[0m [2mtimefusion::object_store_cache[0m[2m:[0m Foyer cache HIT for range: timefusion/projects/4920cc49-876e-41fa-be63-52d5bcfc037e/otel_logs_and_spans/_delta_log/00000000000000002299.checkpoint.parquet (range: 2430997..2453808, parquet=true, age=4ms)
[2m2025-08-06T13:48:59.927874Z[0m [34mDEBUG[0m [2mtimefusion::object_store_cache[0m[2m:[0m Foyer cache HIT for: timefusion/projects/4920cc49-876e-41fa-be63-52d5bcfc037e/otel_logs_and_spans/_delta_log/00000000000000002329.json (avoiding S3 access, delta=true, checkpoint=false, parquet=false, TTL=3600s, age=1035ms)
[2m2025-08-06T13:48:59.928077Z[0m [34mDEBUG[0m [2mtimefusion::object_store_cache[0m[2m:[0m Foyer cache HIT for: timefusion/projects/4920cc49-876e-41fa-be63-52d5bcfc037e/otel_logs_and_spans/_delta_log/00000000000000002328.json (avoiding S3 access, delta=true, checkpoint=false, parquet=false, TTL=3600s, age=922ms)
[2m2025-08-06T13:48:59.928463Z[0m [34mDEBUG[0m [2mtimefusion::object_store_cache[0m[2m:[0m Foyer cache HIT for: timefusion/projects/4920cc49-876e-41fa-be63-52d5bcfc037e/otel_logs_and_spans/_delta_log/00000000000000002327.json (avoiding S3 access, delta=true, checkpoint=false, parquet=false, TTL=3600s, age=1141ms)
[2m2025-08-06T13:48:59.928528Z[0m [34mDEBUG[0m [2mtimefusion::object_store_cache[0m[2m:[0m Foyer cache HIT for: timefusion/projects/4920cc49-876e-41fa-be63-52d5bcfc037e/otel_logs_and_spans/_delta_log/00000000000000002326.json (avoiding S3 access, delta=true, checkpoint=false, parquet=false, TTL=3600s, age=1005ms)
[2m2025-08-06T13:48:59.928587Z[0m [34mDEBUG[0m [2mtimefusion::object_store_cache[0m[2m:[0m Foyer cache HIT for: timefusion/projects/4920cc49-876e-41fa-be63-52d5bcfc037e/otel_logs_and_spans/_delta_log/00000000000000002325.json (avoiding S3 access, delta=true, checkpoint=false, parquet=false, TTL=3600s, age=998ms)
[2m2025-08-06T13:48:59.928643Z[0m [34mDEBUG[0m [2mtimefusion::object_store_cache[0m[2m:[0m Foyer cache HIT for: timefusion/projects/4920cc49-876e-41fa-be63-52d5bcfc037e/otel_logs_and_spans/_delta_log/00000000000000002324.json (avoiding S3 access, delta=true, checkpoint=false, parquet=false, TTL=3600s, age=991ms)
[2m2025-08-06T13:48:59.928690Z[0m [34mDEBUG[0m [2mtimefusion::object_store_cache[0m[2m:[0m Foyer cache HIT for: timefusion/projects/4920cc49-876e-41fa-be63-52d5bcfc037e/otel_logs_and_spans/_delta_log/00000000000000002323.json (avoiding S3 access, delta=true, checkpoint=false, parquet=false, TTL=3600s, age=1055ms)
[2m2025-08-06T13:48:59.928746Z[0m [34mDEBUG[0m [2mtimefusion::object_store_cache[0m[2m:[0m Foyer cache HIT for: timefusion/projects/4920cc49-876e-41fa-be63-52d5bcfc037e/otel_logs_and_spans/_delta_log/00000000000000002322.json (avoiding S3 access, delta=true, checkpoint=false, parquet=false, TTL=3600s, age=1032ms)
[2m2025-08-06T13:48:59.928800Z[0m [34mDEBUG[0m [2mtimefusion::object_store_cache[0m[2m:[0m Foyer cache HIT for: timefusion/projects/4920cc49-876e-41fa-be63-52d5bcfc037e/otel_logs_and_spans/_delta_log/00000000000000002321.json (avoiding S3 access, delta=true, checkpoint=false, parquet=false, TTL=3600s, age=989ms)
[2m2025-08-06T13:48:59.928858Z[0m [34mDEBUG[0m [2mtimefusion::object_store_cache[0m[2m:[0m Foyer cache HIT for: timefusion/projects/4920cc49-876e-41fa-be63-52d5bcfc037e/otel_logs_and_spans/_delta_log/00000000000000002320.json (avoiding S3 access, delta=true, checkpoint=false, parquet=false, TTL=3600s, age=544ms)
[2m2025-08-06T13:48:59.928909Z[0m [34mDEBUG[0m [2mtimefusion::object_store_cache[0m[2m:[0m Foyer cache HIT for: timefusion/projects/4920cc49-876e-41fa-be63-52d5bcfc037e/otel_logs_and_spans/_delta_log/00000000000000002319.json (avoiding S3 access, delta=true, checkpoint=false, parquet=false, TTL=3600s, age=1005ms)
[2m2025-08-06T13:48:59.928958Z[0m [34mDEBUG[0m [2mtimefusion::object_store_cache[0m[2m:[0m Foyer cache HIT for: timefusion/projects/4920cc49-876e-41fa-be63-52d5bcfc037e/otel_logs_and_spans/_delta_log/00000000000000002318.json (avoiding S3 access, delta=true, checkpoint=false, parquet=false, TTL=3600s, age=992ms)
[2m2025-08-06T13:48:59.928999Z[0m [34mDEBUG[0m [2mtimefusion::object_store_cache[0m[2m:[0m Foyer cache HIT for: timefusion/projects/4920cc49-876e-41fa-be63-52d5bcfc037e/otel_logs_and_spans/_delta_log/00000000000000002317.json (avoiding S3 access, delta=true, checkpoint=false, parquet=false, TTL=3600s, age=937ms)
[2m2025-08-06T13:48:59.929076Z[0m [34mDEBUG[0m [2mtimefusion::object_store_cache[0m[2m:[0m Foyer cache HIT for: timefusion/projects/4920cc49-876e-41fa-be63-52d5bcfc037e/otel_logs_and_spans/_delta_log/00000000000000002316.json (avoiding S3 access, delta=true, checkpoint=false, parquet=false, TTL=3600s, age=1028ms)
[2m2025-08-06T13:48:59.929125Z[0m [34mDEBUG[0m [2mtimefusion::object_store_cache[0m[2m:[0m Foyer cache HIT for: timefusion/projects/4920cc49-876e-41fa-be63-52d5bcfc037e/otel_logs_and_spans/_delta_log/00000000000000002315.json (avoiding S3 access, delta=true, checkpoint=false, parquet=false, TTL=3600s, age=1013ms)
[2m2025-08-06T13:48:59.929171Z[0m [34mDEBUG[0m [2mtimefusion::object_store_cache[0m[2m:[0m Foyer cache HIT for: timefusion/projects/4920cc49-876e-41fa-be63-52d5bcfc037e/otel_logs_and_spans/_delta_log/00000000000000002314.json (avoiding S3 access, delta=true, checkpoint=false, parquet=false, TTL=3600s, age=1013ms)
[2m2025-08-06T13:48:59.929215Z[0m [34mDEBUG[0m [2mtimefusion::object_store_cache[0m[2m:[0m Foyer cache HIT for: timefusion/projects/4920cc49-876e-41fa-be63-52d5bcfc037e/otel_logs_and_spans/_delta_log/00000000000000002313.json (avoiding S3 access, delta=true, checkpoint=false, parquet=false, TTL=3600s, age=999ms)
[2m2025-08-06T13:48:59.929272Z[0m [34mDEBUG[0m [2mtimefusion::object_store_cache[0m[2m:[0m Foyer cache HIT for: timefusion/projects/4920cc49-876e-41fa-be63-52d5bcfc037e/otel_logs_and_spans/_delta_log/00000000000000002312.json (avoiding S3 access, delta=true, checkpoint=false, parquet=false, TTL=3600s, age=1013ms)
[2m2025-08-06T13:48:59.929329Z[0m [34mDEBUG[0m [2mtimefusion::object_store_cache[0m[2m:[0m Foyer cache HIT for: timefusion/projects/4920cc49-876e-41fa-be63-52d5bcfc037e/otel_logs_and_spans/_delta_log/00000000000000002311.json (avoiding S3 access, delta=true, checkpoint=false, parquet=false, TTL=3600s, age=866ms)
[2m2025-08-06T13:48:59.929387Z[0m [34mDEBUG[0m [2mtimefusion::object_store_cache[0m[2m:[0m Foyer cache HIT for: timefusion/projects/4920cc49-876e-41fa-be63-52d5bcfc037e/otel_logs_and_spans/_delta_log/00000000000000002310.json (avoiding S3 access, delta=true, checkpoint=false, parquet=false, TTL=3600s, age=963ms)
[2m2025-08-06T13:48:59.929430Z[0m [34mDEBUG[0m [2mtimefusion::object_store_cache[0m[2m:[0m Foyer cache HIT for: timefusion/projects/4920cc49-876e-41fa-be63-52d5bcfc037e/otel_logs_and_spans/_delta_log/00000000000000002309.json (avoiding S3 access, delta=true, checkpoint=false, parquet=false, TTL=3600s, age=1005ms)
[2m2025-08-06T13:48:59.929496Z[0m [34mDEBUG[0m [2mtimefusion::object_store_cache[0m[2m:[0m Foyer cache HIT for: timefusion/projects/4920cc49-876e-41fa-be63-52d5bcfc037e/otel_logs_and_spans/_delta_log/00000000000000002308.json (avoiding S3 access, delta=true, checkpoint=false, parquet=false, TTL=3600s, age=993ms)
[2m2025-08-06T13:48:59.929546Z[0m [34mDEBUG[0m [2mtimefusion::object_store_cache[0m[2m:[0m Foyer cache HIT for: timefusion/projects/4920cc49-876e-41fa-be63-52d5bcfc037e/otel_logs_and_spans/_delta_log/00000000000000002307.json (avoiding S3 access, delta=true, checkpoint=false, parquet=false, TTL=3600s, age=985ms)
[2m2025-08-06T13:48:59.929593Z[0m [34mDEBUG[0m [2mtimefusion::object_store_cache[0m[2m:[0m Foyer cache HIT for: timefusion/projects/4920cc49-876e-41fa-be63-52d5bcfc037e/otel_logs_and_spans/_delta_log/00000000000000002306.json (avoiding S3 access, delta=true, checkpoint=false, parquet=false, TTL=3600s, age=1028ms)
[2m2025-08-06T13:48:59.929639Z[0m [34mDEBUG[0m [2mtimefusion::object_store_cache[0m[2m:[0m Foyer cache HIT for: timefusion/projects/4920cc49-876e-41fa-be63-52d5bcfc037e/otel_logs_and_spans/_delta_log/00000000000000002305.json (avoiding S3 access, delta=true, checkpoint=false, parquet=false, TTL=3600s, age=1056ms)
[2m2025-08-06T13:48:59.929693Z[0m [34mDEBUG[0m [2mtimefusion::object_store_cache[0m[2m:[0m Foyer cache HIT for: timefusion/projects/4920cc49-876e-41fa-be63-52d5bcfc037e/otel_logs_and_spans/_delta_log/00000000000000002304.json (avoiding S3 access, delta=true, checkpoint=false, parquet=false, TTL=3600s, age=993ms)
[2m2025-08-06T13:48:59.929743Z[0m [34mDEBUG[0m [2mtimefusion::object_store_cache[0m[2m:[0m Foyer cache HIT for: timefusion/projects/4920cc49-876e-41fa-be63-52d5bcfc037e/otel_logs_and_spans/_delta_log/00000000000000002303.json (avoiding S3 access, delta=true, checkpoint=false, parquet=false, TTL=3600s, age=939ms)
[2m2025-08-06T13:48:59.929789Z[0m [34mDEBUG[0m [2mtimefusion::object_store_cache[0m[2m:[0m Foyer cache HIT for: timefusion/projects/4920cc49-876e-41fa-be63-52d5bcfc037e/otel_logs_and_spans/_delta_log/00000000000000002302.json (avoiding S3 access, delta=true, checkpoint=false, parquet=false, TTL=3600s, age=953ms)
[2m2025-08-06T13:48:59.929838Z[0m [34mDEBUG[0m [2mtimefusion::object_store_cache[0m[2m:[0m Foyer cache HIT for: timefusion/projects/4920cc49-876e-41fa-be63-52d5bcfc037e/otel_logs_and_spans/_delta_log/00000000000000002301.json (avoiding S3 access, delta=true, checkpoint=false, parquet=false, TTL=3600s, age=1028ms)
[2m2025-08-06T13:48:59.929892Z[0m [34mDEBUG[0m [2mtimefusion::object_store_cache[0m[2m:[0m Foyer cache HIT for: timefusion/projects/4920cc49-876e-41fa-be63-52d5bcfc037e/otel_logs_and_spans/_delta_log/00000000000000002300.json (avoiding S3 access, delta=true, checkpoint=false, parquet=false, TTL=3600s, age=1005ms)
[2m2025-08-06T13:48:59.932898Z[0m [34mDEBUG[0m [2mtimefusion::object_store_cache[0m[2m:[0m Foyer cache HIT for range: timefusion/projects/4920cc49-876e-41fa-be63-52d5bcfc037e/otel_logs_and_spans/_delta_log/00000000000000002299.checkpoint.parquet (range: 2500827..2500835, parquet=true, age=13ms)
[2m2025-08-06T13:48:59.932910Z[0m [34mDEBUG[0m [2mtimefusion::object_store_cache[0m[2m:[0m Foyer cache HIT for range: timefusion/projects/4920cc49-876e-41fa-be63-52d5bcfc037e/otel_logs_and_spans/_delta_log/00000000000000002299.checkpoint.parquet (range: 2457119..2500827, parquet=true, age=13ms)
[2m2025-08-06T13:48:59.933166Z[0m [34mDEBUG[0m [2mtimefusion::object_store_cache[0m[2m:[0m Foyer cache HIT for range: timefusion/projects/4920cc49-876e-41fa-be63-52d5bcfc037e/otel_logs_and_spans/_delta_log/00000000000000002299.checkpoint.parquet (range: 4..2453928, parquet=true, age=14ms)
[2m2025-08-06T13:48:59.938186Z[0m [32m INFO[0m [2mtimefusion::database[0m[2m:[0m Loaded existing table for project '4920cc49-876e-41fa-be63-52d5bcfc037e' table 'otel_logs_and_spans'
[2m2025-08-06T13:48:59.938200Z[0m [32m INFO[0m [2mtimefusion::database[0m[2m:[0m Cached table for project '4920cc49-876e-41fa-be63-52d5bcfc037e' table 'otel_logs_and_spans', cache now contains 1 entries
[2m2025-08-06T13:48:59.949265Z[0m [32m INFO[0m [2mtimefusion::object_store_cache[0m[2m:[0m Foyer cache MISS for Parquet: timefusion/projects/4920cc49-876e-41fa-be63-52d5bcfc037e/otel_logs_and_spans/date=2025-08-06/part-00001-accb7063-9e28-4b0e-a29f-a5a01e930da6-c000.zstd.parquet (range: 1346164..1346172, fetching full file)
[2m2025-08-06T13:48:59.949284Z[0m [32m INFO[0m [2mtimefusion::object_store_cache[0m[2m:[0m Foyer cache MISS for: timefusion/projects/4920cc49-876e-41fa-be63-52d5bcfc037e/otel_logs_and_spans/date=2025-08-06/part-00001-accb7063-9e28-4b0e-a29f-a5a01e930da6-c000.zstd.parquet (fetching from S3, delta=false, checkpoint=false, parquet=true, will_cache=true, TTL=36000s)
[2m2025-08-06T13:49:00.252020Z[0m [34mDEBUG[0m [2mtimefusion::object_store_cache[0m[2m:[0m Foyer cache HIT for range: timefusion/projects/4920cc49-876e-41fa-be63-52d5bcfc037e/otel_logs_and_spans/date=2025-08-06/part-00001-accb7063-9e28-4b0e-a29f-a5a01e930da6-c000.zstd.parquet (range: 1316290..1346164, parquet=true, age=2ms)
[2m2025-08-06T13:49:00.253499Z[0m [34mDEBUG[0m [2mtimefusion::object_store_cache[0m[2m:[0m Foyer cache HIT for range: timefusion/projects/4920cc49-876e-41fa-be63-52d5bcfc037e/otel_logs_and_spans/date=2025-08-06/part-00001-accb7063-9e28-4b0e-a29f-a5a01e930da6-c000.zstd.parquet (range: 1311826..1316290, parquet=true, age=3ms)
[2m2025-08-06T13:49:00.255422Z[0m [34mDEBUG[0m [2mtimefusion::object_store_cache[0m[2m:[0m Foyer cache HIT for range: timefusion/projects/4920cc49-876e-41fa-be63-52d5bcfc037e/otel_logs_and_spans/date=2025-08-06/part-00001-accb7063-9e28-4b0e-a29f-a5a01e930da6-c000.zstd.parquet (range: 1141687..1142174, parquet=true, age=5ms)
[2m2025-08-06T13:49:00.256241Z[0m [34mDEBUG[0m [2mtimefusion::object_store_cache[0m[2m:[0m Foyer cache HIT for range: timefusion/projects/4920cc49-876e-41fa-be63-52d5bcfc037e/otel_logs_and_spans/date=2025-08-06/part-00001-accb7063-9e28-4b0e-a29f-a5a01e930da6-c000.zstd.parquet (range: 4..144937, parquet=true, age=6ms)
[2m2025-08-06T13:49:04.758043Z[0m [34mDEBUG[0m [2mtimefusion::database[0m[2m:[0m Checking cache for project '4920cc49-876e-41fa-be63-52d5bcfc037e' table 'otel_logs_and_spans', cache contains 1 entries
[2m2025-08-06T13:49:04.758078Z[0m [34mDEBUG[0m [2mtimefusion::database[0m[2m:[0m Found table in cache for project '4920cc49-876e-41fa-be63-52d5bcfc037e' table 'otel_logs_and_spans'
[2m2025-08-06T13:49:04.758084Z[0m [34mDEBUG[0m [2mtimefusion::database[0m[2m:[0m Current version 2329 for 4920cc49-876e-41fa-be63-52d5bcfc037e/otel_logs_and_spans, no last written, will update
[2m2025-08-06T13:49:05.072554Z[0m [34mDEBUG[0m [2mtimefusion::database[0m[2m:[0m Updated table for 4920cc49-876e-41fa-be63-52d5bcfc037e/otel_logs_and_spans to version 2329
[2m2025-08-06T13:49:05.078926Z[0m [34mDEBUG[0m [2mtimefusion::object_store_cache[0m[2m:[0m Foyer cache HIT for range: timefusion/projects/4920cc49-876e-41fa-be63-52d5bcfc037e/otel_logs_and_spans/date=2025-08-06/part-00001-accb7063-9e28-4b0e-a29f-a5a01e930da6-c000.zstd.parquet (range: 1346164..1346172, parquet=true, age=4828ms)
[2m2025-08-06T13:49:05.078945Z[0m [34mDEBUG[0m [2mtimefusion::object_store_cache[0m[2m:[0m Foyer cache HIT for range: timefusion/projects/4920cc49-876e-41fa-be63-52d5bcfc037e/otel_logs_and_spans/date=2025-08-06/part-00001-accb7063-9e28-4b0e-a29f-a5a01e930da6-c000.zstd.parquet (range: 1316290..1346164, parquet=true, age=4828ms)
[2m2025-08-06T13:49:05.079406Z[0m [34mDEBUG[0m [2mtimefusion::object_store_cache[0m[2m:[0m Foyer cache HIT for range: timefusion/projects/4920cc49-876e-41fa-be63-52d5bcfc037e/otel_logs_and_spans/date=2025-08-06/part-00001-accb7063-9e28-4b0e-a29f-a5a01e930da6-c000.zstd.parquet (range: 1311826..1316290, parquet=true, age=4829ms)
[2m2025-08-06T13:49:05.079783Z[0m [34mDEBUG[0m [2mtimefusion::object_store_cache[0m[2m:[0m Foyer cache HIT for range: timefusion/projects/4920cc49-876e-41fa-be63-52d5bcfc037e/otel_logs_and_spans/date=2025-08-06/part-00001-accb7063-9e28-4b0e-a29f-a5a01e930da6-c000.zstd.parquet (range: 1141687..1142174, parquet=true, age=4829ms)
[2m2025-08-06T13:49:05.080178Z[0m [34mDEBUG[0m [2mtimefusion::object_store_cache[0m[2m:[0m Foyer cache HIT for range: timefusion/projects/4920cc49-876e-41fa-be63-52d5bcfc037e/otel_logs_and_spans/date=2025-08-06/part-00001-accb7063-9e28-4b0e-a29f-a5a01e930da6-c000.zstd.parquet (range: 4..144937, parquet=true, age=4830ms)
[2m2025-08-06T13:49:12.561530Z[0m [34mDEBUG[0m [2mtimefusion::database[0m[2m:[0m Checking cache for project '4920cc49-876e-41fa-be63-52d5bcfc037e' table 'otel_logs_and_spans', cache contains 1 entries
[2m2025-08-06T13:49:12.561559Z[0m [34mDEBUG[0m [2mtimefusion::database[0m[2m:[0m Found table in cache for project '4920cc49-876e-41fa-be63-52d5bcfc037e' table 'otel_logs_and_spans'
[2m2025-08-06T13:49:12.561566Z[0m [34mDEBUG[0m [2mtimefusion::database[0m[2m:[0m Version check for 4920cc49-876e-41fa-be63-52d5bcfc037e/otel_logs_and_spans: current=2329, last_written=2329, needs_update=false
[2m2025-08-06T13:49:12.561570Z[0m [34mDEBUG[0m [2mtimefusion::database[0m[2m:[0m Skipping update for 4920cc49-876e-41fa-be63-52d5bcfc037e/otel_logs_and_spans - using cached version
[2m2025-08-06T13:49:12.567634Z[0m [34mDEBUG[0m [2mtimefusion::object_store_cache[0m[2m:[0m Foyer cache HIT for range: timefusion/projects/4920cc49-876e-41fa-be63-52d5bcfc037e/otel_logs_and_spans/date=2025-08-06/part-00001-accb7063-9e28-4b0e-a29f-a5a01e930da6-c000.zstd.parquet (range: 1346164..1346172, parquet=true, age=12317ms)
[2m2025-08-06T13:49:12.567656Z[0m [34mDEBUG[0m [2mtimefusion::object_store_cache[0m[2m:[0m Foyer cache HIT for range: timefusion/projects/4920cc49-876e-41fa-be63-52d5bcfc037e/otel_logs_and_spans/date=2025-08-06/part-00001-accb7063-9e28-4b0e-a29f-a5a01e930da6-c000.zstd.parquet (range: 1316290..1346164, parquet=true, age=12317ms)
[2m2025-08-06T13:49:12.568069Z[0m [34mDEBUG[0m [2mtimefusion::object_store_cache[0m[2m:[0m Foyer cache HIT for range: timefusion/projects/4920cc49-876e-41fa-be63-52d5bcfc037e/otel_logs_and_spans/date=2025-08-06/part-00001-accb7063-9e28-4b0e-a29f-a5a01e930da6-c000.zstd.parquet (range: 1311826..1316290, parquet=true, age=12318ms)
[2m2025-08-06T13:49:12.568353Z[0m [34mDEBUG[0m [2mtimefusion::object_store_cache[0m[2m:[0m Foyer cache HIT for range: timefusion/projects/4920cc49-876e-41fa-be63-52d5bcfc037e/otel_logs_and_spans/date=2025-08-06/part-00001-accb7063-9e28-4b0e-a29f-a5a01e930da6-c000.zstd.parquet (range: 1141687..1142174, parquet=true, age=12318ms)
[2m2025-08-06T13:49:12.568643Z[0m [34mDEBUG[0m [2mtimefusion::object_store_cache[0m[2m:[0m Foyer cache HIT for range: timefusion/projects/4920cc49-876e-41fa-be63-52d5bcfc037e/otel_logs_and_spans/date=2025-08-06/part-00001-accb7063-9e28-4b0e-a29f-a5a01e930da6-c000.zstd.parquet (range: 4..144937, parquet=true, age=12318ms)
[2m2025-08-06T13:49:14.775088Z[0m [34mDEBUG[0m [2mtimefusion::database[0m[2m:[0m Checking cache for project '4920cc49-876e-41fa-be63-52d5bcfc037e' table 'otel_logs_and_spans', cache contains 1 entries
[2m2025-08-06T13:49:14.775126Z[0m [34mDEBUG[0m [2mtimefusion::database[0m[2m:[0m Found table in cache for project '4920cc49-876e-41fa-be63-52d5bcfc037e' table 'otel_logs_and_spans'
[2m2025-08-06T13:49:14.775131Z[0m [34mDEBUG[0m [2mtimefusion::database[0m[2m:[0m Version check for 4920cc49-876e-41fa-be63-52d5bcfc037e/otel_logs_and_spans: current=2329, last_written=2329, needs_update=false
[2m2025-08-06T13:49:14.775134Z[0m [34mDEBUG[0m [2mtimefusion::database[0m[2m:[0m Skipping update for 4920cc49-876e-41fa-be63-52d5bcfc037e/otel_logs_and_spans - using cached version
[2m2025-08-06T13:49:14.780798Z[0m [34mDEBUG[0m [2mtimefusion::object_store_cache[0m[2m:[0m Foyer cache HIT for range: timefusion/projects/4920cc49-876e-41fa-be63-52d5bcfc037e/otel_logs_and_spans/date=2025-08-06/part-00001-accb7063-9e28-4b0e-a29f-a5a01e930da6-c000.zstd.parquet (range: 1346164..1346172, parquet=true, age=14530ms)
[2m2025-08-06T13:49:14.780815Z[0m [34mDEBUG[0m [2mtimefusion::object_store_cache[0m[2m:[0m Foyer cache HIT for range: timefusion/projects/4920cc49-876e-41fa-be63-52d5bcfc037e/otel_logs_and_spans/date=2025-08-06/part-00001-accb7063-9e28-4b0e-a29f-a5a01e930da6-c000.zstd.parquet (range: 1316290..1346164, parquet=true, age=14530ms)
[2m2025-08-06T13:49:14.781229Z[0m [34mDEBUG[0m [2mtimefusion::object_store_cache[0m[2m:[0m Foyer cache HIT for range: timefusion/projects/4920cc49-876e-41fa-be63-52d5bcfc037e/otel_logs_and_spans/date=2025-08-06/part-00001-accb7063-9e28-4b0e-a29f-a5a01e930da6-c000.zstd.parquet (range: 1311826..1316290, parquet=true, age=14531ms)
[2m2025-08-06T13:49:14.781531Z[0m [34mDEBUG[0m [2mtimefusion::object_store_cache[0m[2m:[0m Foyer cache HIT for range: timefusion/projects/4920cc49-876e-41fa-be63-52d5bcfc037e/otel_logs_and_spans/date=2025-08-06/part-00001-accb7063-9e28-4b0e-a29f-a5a01e930da6-c000.zstd.parquet (range: 1141687..1142174, parquet=true, age=14531ms)
[2m2025-08-06T13:49:14.781856Z[0m [34mDEBUG[0m [2mtimefusion::object_store_cache[0m[2m:[0m Foyer cache HIT for range: timefusion/projects/4920cc49-876e-41fa-be63-52d5bcfc037e/otel_logs_and_spans/date=2025-08-06/part-00001-accb7063-9e28-4b0e-a29f-a5a01e930da6-c000.zstd.parquet (range: 4..144937, parquet=true, age=14531ms)
[2m2025-08-06T13:49:16.028140Z[0m [34mDEBUG[0m [2mtimefusion::database[0m[2m:[0m Checking cache for project '4920cc49-876e-41fa-be63-52d5bcfc037e' table 'otel_logs_and_spans', cache contains 1 entries
[2m2025-08-06T13:49:16.028194Z[0m [34mDEBUG[0m [2mtimefusion::database[0m[2m:[0m Found table in cache for project '4920cc49-876e-41fa-be63-52d5bcfc037e' table 'otel_logs_and_spans'
[2m2025-08-06T13:49:16.028202Z[0m [34mDEBUG[0m [2mtimefusion::database[0m[2m:[0m Version check for 4920cc49-876e-41fa-be63-52d5bcfc037e/otel_logs_and_spans: current=2329, last_written=2329, needs_update=false
[2m2025-08-06T13:49:16.028207Z[0m [34mDEBUG[0m [2mtimefusion::database[0m[2m:[0m Skipping update for 4920cc49-876e-41fa-be63-52d5bcfc037e/otel_logs_and_spans - using cached version
[2m2025-08-06T13:49:16.034403Z[0m [34mDEBUG[0m [2mtimefusion::object_store_cache[0m[2m:[0m Foyer cache HIT for range: timefusion/projects/4920cc49-876e-41fa-be63-52d5bcfc037e/otel_logs_and_spans/date=2025-08-06/part-00001-accb7063-9e28-4b0e-a29f-a5a01e930da6-c000.zstd.parquet (range: 1346164..1346172, parquet=true, age=15784ms)
[2m2025-08-06T13:49:16.034423Z[0m [34mDEBUG[0m [2mtimefusion::object_store_cache[0m[2m:[0m Foyer cache HIT for range: timefusion/projects/4920cc49-876e-41fa-be63-52d5bcfc037e/otel_logs_and_spans/date=2025-08-06/part-00001-accb7063-9e28-4b0e-a29f-a5a01e930da6-c000.zstd.parquet (range: 1316290..1346164, parquet=true, age=15784ms)
[2m2025-08-06T13:49:16.034831Z[0m [34mDEBUG[0m [2mtimefusion::object_store_cache[0m[2m:[0m Foyer cache HIT for range: timefusion/projects/4920cc49-876e-41fa-be63-52d5bcfc037e/otel_logs_and_spans/date=2025-08-06/part-00001-accb7063-9e28-4b0e-a29f-a5a01e930da6-c000.zstd.parquet (range: 1311826..1316290, parquet=true, age=15784ms)
[2m2025-08-06T13:49:16.035126Z[0m [34mDEBUG[0m [2mtimefusion::object_store_cache[0m[2m:[0m Foyer cache HIT for range: timefusion/projects/4920cc49-876e-41fa-be63-52d5bcfc037e/otel_logs_and_spans/date=2025-08-06/part-00001-accb7063-9e28-4b0e-a29f-a5a01e930da6-c000.zstd.parquet (range: 1141687..1142174, parquet=true, age=15785ms)
[2m2025-08-06T13:49:16.036002Z[0m [34mDEBUG[0m [2mtimefusion::object_store_cache[0m[2m:[0m Foyer cache HIT for range: timefusion/projects/4920cc49-876e-41fa-be63-52d5bcfc037e/otel_logs_and_spans/date=2025-08-06/part-00001-accb7063-9e28-4b0e-a29f-a5a01e930da6-c000.zstd.parquet (range: 4..144937, parquet=true, age=15786ms)
[2m2025-08-06T13:49:17.297905Z[0m [34mDEBUG[0m [2mtimefusion::database[0m[2m:[0m Checking cache for project '4920cc49-876e-41fa-be63-52d5bcfc037e' table 'otel_logs_and_spans', cache contains 1 entries
[2m2025-08-06T13:49:17.297949Z[0m [34mDEBUG[0m [2mtimefusion::database[0m[2m:[0m Found table in cache for project '4920cc49-876e-41fa-be63-52d5bcfc037e' table 'otel_logs_and_spans'
[2m2025-08-06T13:49:17.297956Z[0m [34mDEBUG[0m [2mtimefusion::database[0m[2m:[0m Version check for 4920cc49-876e-41fa-be63-52d5bcfc037e/otel_logs_and_spans: current=2329, last_written=2329, needs_update=false
[2m2025-08-06T13:49:17.297964Z[0m [34mDEBUG[0m [2mtimefusion::database[0m[2m:[0m Skipping update for 4920cc49-876e-41fa-be63-52d5bcfc037e/otel_logs_and_spans - using cached version
[2m2025-08-06T13:49:17.301961Z[0m [34mDEBUG[0m [2mtimefusion::object_store_cache[0m[2m:[0m Foyer cache HIT for range: timefusion/projects/4920cc49-876e-41fa-be63-52d5bcfc037e/otel_logs_and_spans/date=2025-08-06/part-00001-accb7063-9e28-4b0e-a29f-a5a01e930da6-c000.zstd.parquet (range: 1346164..1346172, parquet=true, age=17051ms)
[2m2025-08-06T13:49:17.301979Z[0m [34mDEBUG[0m [2mtimefusion::object_store_cache[0m[2m:[0m Foyer cache HIT for range: timefusion/projects/4920cc49-876e-41fa-be63-52d5bcfc037e/otel_logs_and_spans/date=2025-08-06/part-00001-accb7063-9e28-4b0e-a29f-a5a01e930da6-c000.zstd.parquet (range: 1316290..1346164, parquet=true, age=17051ms)
[2m2025-08-06T13:49:17.302311Z[0m [34mDEBUG[0m [2mtimefusion::object_store_cache[0m[2m:[0m Foyer cache HIT for range: timefusion/projects/4920cc49-876e-41fa-be63-52d5bcfc037e/otel_logs_and_spans/date=2025-08-06/part-00001-accb7063-9e28-4b0e-a29f-a5a01e930da6-c000.zstd.parquet (range: 1311826..1316290, parquet=true, age=17052ms)
[2m2025-08-06T13:49:17.302576Z[0m [34mDEBUG[0m [2mtimefusion::object_store_cache[0m[2m:[0m Foyer cache HIT for range: timefusion/projects/4920cc49-876e-41fa-be63-52d5bcfc037e/otel_logs_and_spans/date=2025-08-06/part-00001-accb7063-9e28-4b0e-a29f-a5a01e930da6-c000.zstd.parquet (range: 1141687..1142174, parquet=true, age=17052ms)
[2m2025-08-06T13:49:17.303403Z[0m [34mDEBUG[0m [2mtimefusion::object_store_cache[0m[2m:[0m Foyer cache HIT for range: timefusion/projects/4920cc49-876e-41fa-be63-52d5bcfc037e/otel_logs_and_spans/date=2025-08-06/part-00001-accb7063-9e28-4b0e-a29f-a5a01e930da6-c000.zstd.parquet (range: 4..144937, parquet=true, age=17053ms)
[2m2025-08-06T13:49:18.214223Z[0m [34mDEBUG[0m [2mtimefusion::database[0m[2m:[0m Checking cache for project '4920cc49-876e-41fa-be63-52d5bcfc037e' table 'otel_logs_and_spans', cache contains 1 entries
[2m2025-08-06T13:49:18.214253Z[0m [34mDEBUG[0m [2mtimefusion::database[0m[2m:[0m Found table in cache for project '4920cc49-876e-41fa-be63-52d5bcfc037e' table 'otel_logs_and_spans'
[2m2025-08-06T13:49:18.214259Z[0m [34mDEBUG[0m [2mtimefusion::database[0m[2m:[0m Version check for 4920cc49-876e-41fa-be63-52d5bcfc037e/otel_logs_and_spans: current=2329, last_written=2329, needs_update=false
[2m2025-08-06T13:49:18.214264Z[0m [34mDEBUG[0m [2mtimefusion::database[0m[2m:[0m Skipping update for 4920cc49-876e-41fa-be63-52d5bcfc037e/otel_logs_and_spans - using cached version
[2m2025-08-06T13:49:18.220168Z[0m [34mDEBUG[0m [2mtimefusion::object_store_cache[0m[2m:[0m Foyer cache HIT for range: timefusion/projects/4920cc49-876e-41fa-be63-52d5bcfc037e/otel_logs_and_spans/date=2025-08-06/part-00001-accb7063-9e28-4b0e-a29f-a5a01e930da6-c000.zstd.parquet (range: 1346164..1346172, parquet=true, age=17970ms)
[2m2025-08-06T13:49:18.220184Z[0m [34mDEBUG[0m [2mtimefusion::object_store_cache[0m[2m:[0m Foyer cache HIT for range: timefusion/projects/4920cc49-876e-41fa-be63-52d5bcfc037e/otel_logs_and_spans/date=2025-08-06/part-00001-accb7063-9e28-4b0e-a29f-a5a01e930da6-c000.zstd.parquet (range: 1316290..1346164, parquet=true, age=17970ms)
[2m2025-08-06T13:49:18.220590Z[0m [34mDEBUG[0m [2mtimefusion::object_store_cache[0m[2m:[0m Foyer cache HIT for range: timefusion/projects/4920cc49-876e-41fa-be63-52d5bcfc037e/otel_logs_and_spans/date=2025-08-06/part-00001-accb7063-9e28-4b0e-a29f-a5a01e930da6-c000.zstd.parquet (range: 1311826..1316290, parquet=true, age=17970ms)
[2m2025-08-06T13:49:18.220886Z[0m [34mDEBUG[0m [2mtimefusion::object_store_cache[0m[2m:[0m Foyer cache HIT for range: timefusion/projects/4920cc49-876e-41fa-be63-52d5bcfc037e/otel_logs_and_spans/date=2025-08-06/part-00001-accb7063-9e28-4b0e-a29f-a5a01e930da6-c000.zstd.parquet (range: 1141687..1142174, parquet=true, age=17970ms)
[2m2025-08-06T13:49:18.221195Z[0m [34mDEBUG[0m [2mtimefusion::object_store_cache[0m[2m:[0m Foyer cache HIT for range: timefusion/projects/4920cc49-876e-41fa-be63-52d5bcfc037e/otel_logs_and_spans/date=2025-08-06/part-00001-accb7063-9e28-4b0e-a29f-a5a01e930da6-c000.zstd.parquet (range: 4..144937, parquet=true, age=17971ms)
[2m2025-08-06T13:49:18.992953Z[0m [34mDEBUG[0m [2mtimefusion::database[0m[2m:[0m Checking cache for project '4920cc49-876e-41fa-be63-52d5bcfc037e' table 'otel_logs_and_spans', cache contains 1 entries
[2m2025-08-06T13:49:18.992982Z[0m [34mDEBUG[0m [2mtimefusion::database[0m[2m:[0m Found table in cache for project '4920cc49-876e-41fa-be63-52d5bcfc037e' table 'otel_logs_and_spans'
[2m2025-08-06T13:49:18.992987Z[0m [34mDEBUG[0m [2mtimefusion::database[0m[2m:[0m Version check for 4920cc49-876e-41fa-be63-52d5bcfc037e/otel_logs_and_spans: current=2329, last_written=2329, needs_update=false
[2m2025-08-06T13:49:18.992989Z[0m [34mDEBUG[0m [2mtimefusion::database[0m[2m:[0m Skipping update for 4920cc49-876e-41fa-be63-52d5bcfc037e/otel_logs_and_spans - using cached version
[2m2025-08-06T13:49:18.998623Z[0m [34mDEBUG[0m [2mtimefusion::object_store_cache[0m[2m:[0m Foyer cache HIT for range: timefusion/projects/4920cc49-876e-41fa-be63-52d5bcfc037e/otel_logs_and_spans/date=2025-08-06/part-00001-accb7063-9e28-4b0e-a29f-a5a01e930da6-c000.zstd.parquet (range: 1346164..1346172, parquet=true, age=18748ms)
[2m2025-08-06T13:49:18.998655Z[0m [34mDEBUG[0m [2mtimefusion::object_store_cache[0m[2m:[0m Foyer cache HIT for range: timefusion/projects/4920cc49-876e-41fa-be63-52d5bcfc037e/otel_logs_and_spans/date=2025-08-06/part-00001-accb7063-9e28-4b0e-a29f-a5a01e930da6-c000.zstd.parquet (range: 1316290..1346164, parquet=true, age=18748ms)
[2m2025-08-06T13:49:18.999161Z[0m [34mDEBUG[0m [2mtimefusion::object_store_cache[0m[2m:[0m Foyer cache HIT for range: timefusion/projects/4920cc49-876e-41fa-be63-52d5bcfc037e/otel_logs_and_spans/date=2025-08-06/part-00001-accb7063-9e28-4b0e-a29f-a5a01e930da6-c000.zstd.parquet (range: 1311826..1316290, parquet=true, age=18749ms)
[2m2025-08-06T13:49:18.999474Z[0m [34mDEBUG[0m [2mtimefusion::object_store_cache[0m[2m:[0m Foyer cache HIT for range: timefusion/projects/4920cc49-876e-41fa-be63-52d5bcfc037e/otel_logs_and_spans/date=2025-08-06/part-00001-accb7063-9e28-4b0e-a29f-a5a01e930da6-c000.zstd.parquet (range: 1141687..1142174, parquet=true, age=18749ms)
[2m2025-08-06T13:49:18.999791Z[0m [34mDEBUG[0m [2mtimefusion::object_store_cache[0m[2m:[0m Foyer cache HIT for range: timefusion/projects/4920cc49-876e-41fa-be63-52d5bcfc037e/otel_logs_and_spans/date=2025-08-06/part-00001-accb7063-9e28-4b0e-a29f-a5a01e930da6-c000.zstd.parquet (range: 4..144937, parquet=true, age=18749ms)
[2m2025-08-06T13:49:19.792109Z[0m [34mDEBUG[0m [2mtimefusion::database[0m[2m:[0m Checking cache for project '4920cc49-876e-41fa-be63-52d5bcfc037e' table 'otel_logs_and_spans', cache contains 1 entries
[2m2025-08-06T13:49:19.792134Z[0m [34mDEBUG[0m [2mtimefusion::database[0m[2m:[0m Found table in cache for project '4920cc49-876e-41fa-be63-52d5bcfc037e' table 'otel_logs_and_spans'
[2m2025-08-06T13:49:19.792139Z[0m [34mDEBUG[0m [2mtimefusion::database[0m[2m:[0m Version check for 4920cc49-876e-41fa-be63-52d5bcfc037e/otel_logs_and_spans: current=2329, last_written=2329, needs_update=false
[2m2025-08-06T13:49:19.792142Z[0m [34mDEBUG[0m [2mtimefusion::database[0m[2m:[0m Skipping update for 4920cc49-876e-41fa-be63-52d5bcfc037e/otel_logs_and_spans - using cached version
[2m2025-08-06T13:49:19.798402Z[0m [34mDEBUG[0m [2mtimefusion::object_store_cache[0m[2m:[0m Foyer cache HIT for range: timefusion/projects/4920cc49-876e-41fa-be63-52d5bcfc037e/otel_logs_and_spans/date=2025-08-06/part-00001-accb7063-9e28-4b0e-a29f-a5a01e930da6-c000.zstd.parquet (range: 1346164..1346172, parquet=true, age=19548ms)
[2m2025-08-06T13:49:19.798427Z[0m [34mDEBUG[0m [2mtimefusion::object_store_cache[0m[2m:[0m Foyer cache HIT for range: timefusion/projects/4920cc49-876e-41fa-be63-52d5bcfc037e/otel_logs_and_spans/date=2025-08-06/part-00001-accb7063-9e28-4b0e-a29f-a5a01e930da6-c000.zstd.parquet (range: 1316290..1346164, parquet=true, age=19548ms)
[2m2025-08-06T13:49:19.798917Z[0m [34mDEBUG[0m [2mtimefusion::object_store_cache[0m[2m:[0m Foyer cache HIT for range: timefusion/projects/4920cc49-876e-41fa-be63-52d5bcfc037e/otel_logs_and_spans/date=2025-08-06/part-00001-accb7063-9e28-4b0e-a29f-a5a01e930da6-c000.zstd.parquet (range: 1311826..1316290, parquet=true, age=19548ms)
[2m2025-08-06T13:49:19.799231Z[0m [34mDEBUG[0m [2mtimefusion::object_store_cache[0m[2m:[0m Foyer cache HIT for range: timefusion/projects/4920cc49-876e-41fa-be63-52d5bcfc037e/otel_logs_and_spans/date=2025-08-06/part-00001-accb7063-9e28-4b0e-a29f-a5a01e930da6-c000.zstd.parquet (range: 1141687..1142174, parquet=true, age=19549ms)
[2m2025-08-06T13:49:19.799585Z[0m [34mDEBUG[0m [2mtimefusion::object_store_cache[0m[2m:[0m Foyer cache HIT for range: timefusion/projects/4920cc49-876e-41fa-be63-52d5bcfc037e/otel_logs_and_spans/date=2025-08-06/part-00001-accb7063-9e28-4b0e-a29f-a5a01e930da6-c000.zstd.parquet (range: 4..144937, parquet=true, age=19549ms)
[2m2025-08-06T13:49:20.547532Z[0m [34mDEBUG[0m [2mtimefusion::database[0m[2m:[0m Checking cache for project '4920cc49-876e-41fa-be63-52d5bcfc037e' table 'otel_logs_and_spans', cache contains 1 entries
[2m2025-08-06T13:49:20.547563Z[0m [34mDEBUG[0m [2mtimefusion::database[0m[2m:[0m Found table in cache for project '4920cc49-876e-41fa-be63-52d5bcfc037e' table 'otel_logs_and_spans'
[2m2025-08-06T13:49:20.547570Z[0m [34mDEBUG[0m [2mtimefusion::database[0m[2m:[0m Version check for 4920cc49-876e-41fa-be63-52d5bcfc037e/otel_logs_and_spans: current=2329, last_written=2329, needs_update=false
[2m2025-08-06T13:49:20.547573Z[0m [34mDEBUG[0m [2mtimefusion::database[0m[2m:[0m Skipping update for 4920cc49-876e-41fa-be63-52d5bcfc037e/otel_logs_and_spans - using cached version
[2m2025-08-06T13:49:20.553785Z[0m [34mDEBUG[0m [2mtimefusion::object_store_cache[0m[2m:[0m Foyer cache HIT for range: timefusion/projects/4920cc49-876e-41fa-be63-52d5bcfc037e/otel_logs_and_spans/date=2025-08-06/part-00001-accb7063-9e28-4b0e-a29f-a5a01e930da6-c000.zstd.parquet (range: 1346164..1346172, parquet=true, age=20303ms)
[2m2025-08-06T13:49:20.553811Z[0m [34mDEBUG[0m [2mtimefusion::object_store_cache[0m[2m:[0m Foyer cache HIT for range: timefusion/projects/4920cc49-876e-41fa-be63-52d5bcfc037e/otel_logs_and_spans/date=2025-08-06/part-00001-accb7063-9e28-4b0e-a29f-a5a01e930da6-c000.zstd.parquet (range: 1316290..1346164, parquet=true, age=20303ms)
[2m2025-08-06T13:49:20.554215Z[0m [34mDEBUG[0m [2mtimefusion::object_store_cache[0m[2m:[0m Foyer cache HIT for range: timefusion/projects/4920cc49-876e-41fa-be63-52d5bcfc037e/otel_logs_and_spans/date=2025-08-06/part-00001-accb7063-9e28-4b0e-a29f-a5a01e930da6-c000.zstd.parquet (range: 1311826..1316290, parquet=true, age=20304ms)
[2m2025-08-06T13:49:20.554514Z[0m [34mDEBUG[0m [2mtimefusion::object_store_cache[0m[2m:[0m Foyer cache HIT for range: timefusion/projects/4920cc49-876e-41fa-be63-52d5bcfc037e/otel_logs_and_spans/date=2025-08-06/part-00001-accb7063-9e28-4b0e-a29f-a5a01e930da6-c000.zstd.parquet (range: 1141687..1142174, parquet=true, age=20304ms)
[2m2025-08-06T13:49:20.554808Z[0m [34mDEBUG[0m [2mtimefusion::object_store_cache[0m[2m:[0m Foyer cache HIT for range: timefusion/projects/4920cc49-876e-41fa-be63-52d5bcfc037e/otel_logs_and_spans/date=2025-08-06/part-00001-accb7063-9e28-4b0e-a29f-a5a01e930da6-c000.zstd.parquet (range: 4..144937, parquet=true, age=20304ms)
[2m2025-08-06T13:49:21.386270Z[0m [34mDEBUG[0m [2mtimefusion::database[0m[2m:[0m Checking cache for project '4920cc49-876e-41fa-be63-52d5bcfc037e' table 'otel_logs_and_spans', cache contains 1 entries
[2m2025-08-06T13:49:21.386291Z[0m [34mDEBUG[0m [2mtimefusion::database[0m[2m:[0m Found table in cache for project '4920cc49-876e-41fa-be63-52d5bcfc037e' table 'otel_logs_and_spans'
[2m2025-08-06T13:49:21.386294Z[0m [34mDEBUG[0m [2mtimefusion::database[0m[2m:[0m Version check for 4920cc49-876e-41fa-be63-52d5bcfc037e/otel_logs_and_spans: current=2329, last_written=2329, needs_update=false
[2m2025-08-06T13:49:21.386295Z[0m [34mDEBUG[0m [2mtimefusion::database[0m[2m:[0m Skipping update for 4920cc49-876e-41fa-be63-52d5bcfc037e/otel_logs_and_spans - using cached version
[2m2025-08-06T13:49:21.389372Z[0m [34mDEBUG[0m [2mtimefusion::object_store_cache[0m[2m:[0m Foyer cache HIT for range: timefusion/projects/4920cc49-876e-41fa-be63-52d5bcfc037e/otel_logs_and_spans/date=2025-08-06/part-00001-accb7063-9e28-4b0e-a29f-a5a01e930da6-c000.zstd.parquet (range: 1346164..1346172, parquet=true, age=21139ms)
[2m2025-08-06T13:49:21.389384Z[0m [34mDEBUG[0m [2mtimefusion::object_store_cache[0m[2m:[0m Foyer cache HIT for range: timefusion/projects/4920cc49-876e-41fa-be63-52d5bcfc037e/otel_logs_and_spans/date=2025-08-06/part-00001-accb7063-9e28-4b0e-a29f-a5a01e930da6-c000.zstd.parquet (range: 1316290..1346164, parquet=true, age=21139ms)
[2m2025-08-06T13:49:21.389630Z[0m [34mDEBUG[0m [2mtimefusion::object_store_cache[0m[2m:[0m Foyer cache HIT for range: timefusion/projects/4920cc49-876e-41fa-be63-52d5bcfc037e/otel_logs_and_spans/date=2025-08-06/part-00001-accb7063-9e28-4b0e-a29f-a5a01e930da6-c000.zstd.parquet (range: 1311826..1316290, parquet=true, age=21139ms)
[2m2025-08-06T13:49:21.389812Z[0m [34mDEBUG[0m [2mtimefusion::object_store_cache[0m[2m:[0m Foyer cache HIT for range: timefusion/projects/4920cc49-876e-41fa-be63-52d5bcfc037e/otel_logs_and_spans/date=2025-08-06/part-00001-accb7063-9e28-4b0e-a29f-a5a01e930da6-c000.zstd.parquet (range: 1141687..1142174, parquet=true, age=21139ms)
[2m2025-08-06T13:49:21.390075Z[0m [34mDEBUG[0m [2mtimefusion::object_store_cache[0m[2m:[0m Foyer cache HIT for range: timefusion/projects/4920cc49-876e-41fa-be63-52d5bcfc037e/otel_logs_and_spans/date=2025-08-06/part-00001-accb7063-9e28-4b0e-a29f-a5a01e930da6-c000.zstd.parquet (range: 4..144937, parquet=true, age=21140ms)
[2m2025-08-06T13:49:22.281767Z[0m [34mDEBUG[0m [2mtimefusion::database[0m[2m:[0m Checking cache for project '4920cc49-876e-41fa-be63-52d5bcfc037e' table 'otel_logs_and_spans', cache contains 1 entries
[2m2025-08-06T13:49:22.281792Z[0m [34mDEBUG[0m [2mtimefusion::database[0m[2m:[0m Found table in cache for project '4920cc49-876e-41fa-be63-52d5bcfc037e' table 'otel_logs_and_spans'
[2m2025-08-06T13:49:22.281797Z[0m [34mDEBUG[0m [2mtimefusion::database[0m[2m:[0m Version check for 4920cc49-876e-41fa-be63-52d5bcfc037e/otel_logs_and_spans: current=2329, last_written=2329, needs_update=false
[2m2025-08-06T13:49:22.281799Z[0m [34mDEBUG[0m [2mtimefusion::database[0m[2m:[0m Skipping update for 4920cc49-876e-41fa-be63-52d5bcfc037e/otel_logs_and_spans - using cached version
[2m2025-08-06T13:49:22.285871Z[0m [34mDEBUG[0m [2mtimefusion::object_store_cache[0m[2m:[0m Foyer cache HIT for range: timefusion/projects/4920cc49-876e-41fa-be63-52d5bcfc037e/otel_logs_and_spans/date=2025-08-06/part-00001-accb7063-9e28-4b0e-a29f-a5a01e930da6-c000.zstd.parquet (range: 1346164..1346172, parquet=true, age=22035ms)
[2m2025-08-06T13:49:22.285886Z[0m [34mDEBUG[0m [2mtimefusion::object_store_cache[0m[2m:[0m Foyer cache HIT for range: timefusion/projects/4920cc49-876e-41fa-be63-52d5bcfc037e/otel_logs_and_spans/date=2025-08-06/part-00001-accb7063-9e28-4b0e-a29f-a5a01e930da6-c000.zstd.parquet (range: 1316290..1346164, parquet=true, age=22035ms)
[2m2025-08-06T13:49:22.286207Z[0m [34mDEBUG[0m [2mtimefusion::object_store_cache[0m[2m:[0m Foyer cache HIT for range: timefusion/projects/4920cc49-876e-41fa-be63-52d5bcfc037e/otel_logs_and_spans/date=2025-08-06/part-00001-accb7063-9e28-4b0e-a29f-a5a01e930da6-c000.zstd.parquet (range: 1311826..1316290, parquet=true, age=22036ms)
[2m2025-08-06T13:49:22.286462Z[0m [34mDEBUG[0m [2mtimefusion::object_store_cache[0m[2m:[0m Foyer cache HIT for range: timefusion/projects/4920cc49-876e-41fa-be63-52d5bcfc037e/otel_logs_and_spans/date=2025-08-06/part-00001-accb7063-9e28-4b0e-a29f-a5a01e930da6-c000.zstd.parquet (range: 1141687..1142174, parquet=true, age=22036ms)
[2m2025-08-06T13:49:22.286878Z[0m [34mDEBUG[0m [2mtimefusion::object_store_cache[0m[2m:[0m Foyer cache HIT for range: timefusion/projects/4920cc49-876e-41fa-be63-52d5bcfc037e/otel_logs_and_spans/date=2025-08-06/part-00001-accb7063-9e28-4b0e-a29f-a5a01e930da6-c000.zstd.parquet (range: 4..144937, parquet=true, age=22036ms)
[2m2025-08-06T13:49:23.048944Z[0m [34mDEBUG[0m [2mtimefusion::database[0m[2m:[0m Checking cache for project '4920cc49-876e-41fa-be63-52d5bcfc037e' table 'otel_logs_and_spans', cache contains 1 entries
[2m2025-08-06T13:49:23.048978Z[0m [34mDEBUG[0m [2mtimefusion::database[0m[2m:[0m Found table in cache for project '4920cc49-876e-41fa-be63-52d5bcfc037e' table 'otel_logs_and_spans'
[2m2025-08-06T13:49:23.048985Z[0m [34mDEBUG[0m [2mtimefusion::database[0m[2m:[0m Version check for 4920cc49-876e-41fa-be63-52d5bcfc037e/otel_logs_and_spans: current=2329, last_written=2329, needs_update=false
[2m2025-08-06T13:49:23.048989Z[0m [34mDEBUG[0m [2mtimefusion::database[0m[2m:[0m Skipping update for 4920cc49-876e-41fa-be63-52d5bcfc037e/otel_logs_and_spans - using cached version
[2m2025-08-06T13:49:23.054960Z[0m [34mDEBUG[0m [2mtimefusion::object_store_cache[0m[2m:[0m Foyer cache HIT for range: timefusion/projects/4920cc49-876e-41fa-be63-52d5bcfc037e/otel_logs_and_spans/date=2025-08-06/part-00001-accb7063-9e28-4b0e-a29f-a5a01e930da6-c000.zstd.parquet (range: 1346164..1346172, parquet=true, age=22804ms)
[2m2025-08-06T13:49:23.054976Z[0m [34mDEBUG[0m [2mtimefusion::object_store_cache[0m[2m:[0m Foyer cache HIT for range: timefusion/projects/4920cc49-876e-41fa-be63-52d5bcfc037e/otel_logs_and_spans/date=2025-08-06/part-00001-accb7063-9e28-4b0e-a29f-a5a01e930da6-c000.zstd.parquet (range: 1316290..1346164, parquet=true, age=22804ms)
[2m2025-08-06T13:49:23.055385Z[0m [34mDEBUG[0m [2mtimefusion::object_store_cache[0m[2m:[0m Foyer cache HIT for range: timefusion/projects/4920cc49-876e-41fa-be63-52d5bcfc037e/otel_logs_and_spans/date=2025-08-06/part-00001-accb7063-9e28-4b0e-a29f-a5a01e930da6-c000.zstd.parquet (range: 1311826..1316290, parquet=true, age=22805ms)
[2m2025-08-06T13:49:23.055680Z[0m [34mDEBUG[0m [2mtimefusion::object_store_cache[0m[2m:[0m Foyer cache HIT for range: timefusion/projects/4920cc49-876e-41fa-be63-52d5bcfc037e/otel_logs_and_spans/date=2025-08-06/part-00001-accb7063-9e28-4b0e-a29f-a5a01e930da6-c000.zstd.parquet (range: 1141687..1142174, parquet=true, age=22805ms)
[2m2025-08-06T13:49:23.056002Z[0m [34mDEBUG[0m [2mtimefusion::object_store_cache[0m[2m:[0m Foyer cache HIT for range: timefusion/projects/4920cc49-876e-41fa-be63-52d5bcfc037e/otel_logs_and_spans/date=2025-08-06/part-00001-accb7063-9e28-4b0e-a29f-a5a01e930da6-c000.zstd.parquet (range: 4..144937, parquet=true, age=22806ms)
[2m2025-08-06T13:49:23.831970Z[0m [34mDEBUG[0m [2mtimefusion::database[0m[2m:[0m Checking cache for project '4920cc49-876e-41fa-be63-52d5bcfc037e' table 'otel_logs_and_spans', cache contains 1 entries
[2m2025-08-06T13:49:23.831986Z[0m [34mDEBUG[0m [2mtimefusion::database[0m[2m:[0m Found table in cache for project '4920cc49-876e-41fa-be63-52d5bcfc037e' table 'otel_logs_and_spans'
[2m2025-08-06T13:49:23.831991Z[0m [34mDEBUG[0m [2mtimefusion::database[0m[2m:[0m Version check for 4920cc49-876e-41fa-be63-52d5bcfc037e/otel_logs_and_spans: current=2329, last_written=2329, needs_update=false
[2m2025-08-06T13:49:23.831994Z[0m [34mDEBUG[0m [2mtimefusion::database[0m[2m:[0m Skipping update for 4920cc49-876e-41fa-be63-52d5bcfc037e/otel_logs_and_spans - using cached version
[2m2025-08-06T13:49:23.836596Z[0m [34mDEBUG[0m [2mtimefusion::object_store_cache[0m[2m:[0m Foyer cache HIT for range: timefusion/projects/4920cc49-876e-41fa-be63-52d5bcfc037e/otel_logs_and_spans/date=2025-08-06/part-00001-accb7063-9e28-4b0e-a29f-a5a01e930da6-c000.zstd.parquet (range: 1346164..1346172, parquet=true, age=23586ms)
[2m2025-08-06T13:49:23.836610Z[0m [34mDEBUG[0m [2mtimefusion::object_store_cache[0m[2m:[0m Foyer cache HIT for range: timefusion/projects/4920cc49-876e-41fa-be63-52d5bcfc037e/otel_logs_and_spans/date=2025-08-06/part-00001-accb7063-9e28-4b0e-a29f-a5a01e930da6-c000.zstd.parquet (range: 1316290..1346164, parquet=true, age=23586ms)
[2m2025-08-06T13:49:23.836959Z[0m [34mDEBUG[0m [2mtimefusion::object_store_cache[0m[2m:[0m Foyer cache HIT for range: timefusion/projects/4920cc49-876e-41fa-be63-52d5bcfc037e/otel_logs_and_spans/date=2025-08-06/part-00001-accb7063-9e28-4b0e-a29f-a5a01e930da6-c000.zstd.parquet (range: 1311826..1316290, parquet=true, age=23586ms)
[2m2025-08-06T13:49:23.837243Z[0m [34mDEBUG[0m [2mtimefusion::object_store_cache[0m[2m:[0m Foyer cache HIT for range: timefusion/projects/4920cc49-876e-41fa-be63-52d5bcfc037e/otel_logs_and_spans/date=2025-08-06/part-00001-accb7063-9e28-4b0e-a29f-a5a01e930da6-c000.zstd.parquet (range: 1141687..1142174, parquet=true, age=23587ms)
[2m2025-08-06T13:49:23.837529Z[0m [34mDEBUG[0m [2mtimefusion::object_store_cache[0m[2m:[0m Foyer cache HIT for range: timefusion/projects/4920cc49-876e-41fa-be63-52d5bcfc037e/otel_logs_and_spans/date=2025-08-06/part-00001-accb7063-9e28-4b0e-a29f-a5a01e930da6-c000.zstd.parquet (range: 4..144937, parquet=true, age=23587ms)
[2m2025-08-06T13:49:25.164343Z[0m [34mDEBUG[0m [2mtimefusion::database[0m[2m:[0m Checking cache for project '4920cc49-876e-41fa-be63-52d5bcfc037e' table 'otel_logs_and_spans', cache contains 1 entries
[2m2025-08-06T13:49:25.164393Z[0m [34mDEBUG[0m [2mtimefusion::database[0m[2m:[0m Found table in cache for project '4920cc49-876e-41fa-be63-52d5bcfc037e' table 'otel_logs_and_spans'
[2m2025-08-06T13:49:25.164400Z[0m [34mDEBUG[0m [2mtimefusion::database[0m[2m:[0m Version check for 4920cc49-876e-41fa-be63-52d5bcfc037e/otel_logs_and_spans: current=2329, last_written=2329, needs_update=false
[2m2025-08-06T13:49:25.164406Z[0m [34mDEBUG[0m [2mtimefusion::database[0m[2m:[0m Skipping update for 4920cc49-876e-41fa-be63-52d5bcfc037e/otel_logs_and_spans - using cached version
[2m2025-08-06T13:49:25.169928Z[0m [34mDEBUG[0m [2mtimefusion::object_store_cache[0m[2m:[0m Foyer cache HIT for range: timefusion/projects/4920cc49-876e-41fa-be63-52d5bcfc037e/otel_logs_and_spans/date=2025-08-06/part-00001-accb7063-9e28-4b0e-a29f-a5a01e930da6-c000.zstd.parquet (range: 1346164..1346172, parquet=true, age=24919ms)
[2m2025-08-06T13:49:25.169960Z[0m [34mDEBUG[0m [2mtimefusion::object_store_cache[0m[2m:[0m Foyer cache HIT for range: timefusion/projects/4920cc49-876e-41fa-be63-52d5bcfc037e/otel_logs_and_spans/date=2025-08-06/part-00001-accb7063-9e28-4b0e-a29f-a5a01e930da6-c000.zstd.parquet (range: 1316290..1346164, parquet=true, age=24919ms)
[2m2025-08-06T13:49:25.170499Z[0m [34mDEBUG[0m [2mtimefusion::object_store_cache[0m[2m:[0m Foyer cache HIT for range: timefusion/projects/4920cc49-876e-41fa-be63-52d5bcfc037e/otel_logs_and_spans/date=2025-08-06/part-00001-accb7063-9e28-4b0e-a29f-a5a01e930da6-c000.zstd.parquet (range: 1311826..1316290, parquet=true, age=24920ms)
[2m2025-08-06T13:49:25.170807Z[0m [34mDEBUG[0m [2mtimefusion::object_store_cache[0m[2m:[0m Foyer cache HIT for range: timefusion/projects/4920cc49-876e-41fa-be63-52d5bcfc037e/otel_logs_and_spans/date=2025-08-06/part-00001-accb7063-9e28-4b0e-a29f-a5a01e930da6-c000.zstd.parquet (range: 1141687..1142174, parquet=true, age=24920ms)
[2m2025-08-06T13:49:25.171125Z[0m [34mDEBUG[0m [2mtimefusion::object_store_cache[0m[2m:[0m Foyer cache HIT for range: timefusion/projects/4920cc49-876e-41fa-be63-52d5bcfc037e/otel_logs_and_spans/date=2025-08-06/part-00001-accb7063-9e28-4b0e-a29f-a5a01e930da6-c000.zstd.parquet (range: 4..144937, parquet=true, age=24921ms)
[2m2025-08-06T13:49:25.868532Z[0m [34mDEBUG[0m [2mtimefusion::database[0m[2m:[0m Checking cache for project '4920cc49-876e-41fa-be63-52d5bcfc037e' table 'otel_logs_and_spans', cache contains 1 entries
[2m2025-08-06T13:49:25.868557Z[0m [34mDEBUG[0m [2mtimefusion::database[0m[2m:[0m Found table in cache for project '4920cc49-876e-41fa-be63-52d5bcfc037e' table 'otel_logs_and_spans'
[2m2025-08-06T13:49:25.868562Z[0m [34mDEBUG[0m [2mtimefusion::database[0m[2m:[0m Version check for 4920cc49-876e-41fa-be63-52d5bcfc037e/otel_logs_and_spans: current=2329, last_written=2329, needs_update=false
[2m2025-08-06T13:49:25.868564Z[0m [34mDEBUG[0m [2mtimefusion::database[0m[2m:[0m Skipping update for 4920cc49-876e-41fa-be63-52d5bcfc037e/otel_logs_and_spans - using cached version
[2m2025-08-06T13:49:25.872074Z[0m [34mDEBUG[0m [2mtimefusion::object_store_cache[0m[2m:[0m Foyer cache HIT for range: timefusion/projects/4920cc49-876e-41fa-be63-52d5bcfc037e/otel_logs_and_spans/date=2025-08-06/part-00001-accb7063-9e28-4b0e-a29f-a5a01e930da6-c000.zstd.parquet (range: 1346164..1346172, parquet=true, age=25622ms)
[2m2025-08-06T13:49:25.872092Z[0m [34mDEBUG[0m [2mtimefusion::object_store_cache[0m[2m:[0m Foyer cache HIT for range: timefusion/projects/4920cc49-876e-41fa-be63-52d5bcfc037e/otel_logs_and_spans/date=2025-08-06/part-00001-accb7063-9e28-4b0e-a29f-a5a01e930da6-c000.zstd.parquet (range: 1316290..1346164, parquet=true, age=25622ms)
[2m2025-08-06T13:49:25.872463Z[0m [34mDEBUG[0m [2mtimefusion::object_store_cache[0m[2m:[0m Foyer cache HIT for range: timefusion/projects/4920cc49-876e-41fa-be63-52d5bcfc037e/otel_logs_and_spans/date=2025-08-06/part-00001-accb7063-9e28-4b0e-a29f-a5a01e930da6-c000.zstd.parquet (range: 1311826..1316290, parquet=true, age=25622ms)
[2m2025-08-06T13:49:25.872704Z[0m [34mDEBUG[0m [2mtimefusion::object_store_cache[0m[2m:[0m Foyer cache HIT for range: timefusion/projects/4920cc49-876e-41fa-be63-52d5bcfc037e/otel_logs_and_spans/date=2025-08-06/part-00001-accb7063-9e28-4b0e-a29f-a5a01e930da6-c000.zstd.parquet (range: 1141687..1142174, parquet=true, age=25622ms)
[2m2025-08-06T13:49:25.873031Z[0m [34mDEBUG[0m [2mtimefusion::object_store_cache[0m[2m:[0m Foyer cache HIT for range: timefusion/projects/4920cc49-876e-41fa-be63-52d5bcfc037e/otel_logs_and_spans/date=2025-08-06/part-00001-accb7063-9e28-4b0e-a29f-a5a01e930da6-c000.zstd.parquet (range: 4..144937, parquet=true, age=25623ms)
[2m2025-08-06T13:49:26.558495Z[0m [34mDEBUG[0m [2mtimefusion::database[0m[2m:[0m Checking cache for project '4920cc49-876e-41fa-be63-52d5bcfc037e' table 'otel_logs_and_spans', cache contains 1 entries
[2m2025-08-06T13:49:26.558524Z[0m [34mDEBUG[0m [2mtimefusion::database[0m[2m:[0m Found table in cache for project '4920cc49-876e-41fa-be63-52d5bcfc037e' table 'otel_logs_and_spans'
[2m2025-08-06T13:49:26.558531Z[0m [34mDEBUG[0m [2mtimefusion::database[0m[2m:[0m Version check for 4920cc49-876e-41fa-be63-52d5bcfc037e/otel_logs_and_spans: current=2329, last_written=2329, needs_update=false
[2m2025-08-06T13:49:26.558534Z[0m [34mDEBUG[0m [2mtimefusion::database[0m[2m:[0m Skipping update for 4920cc49-876e-41fa-be63-52d5bcfc037e/otel_logs_and_spans - using cached version
[2m2025-08-06T13:49:26.563749Z[0m [34mDEBUG[0m [2mtimefusion::object_store_cache[0m[2m:[0m Foyer cache HIT for range: timefusion/projects/4920cc49-876e-41fa-be63-52d5bcfc037e/otel_logs_and_spans/date=2025-08-06/part-00001-accb7063-9e28-4b0e-a29f-a5a01e930da6-c000.zstd.parquet (range: 1346164..1346172, parquet=true, age=26313ms)
[2m2025-08-06T13:49:26.563764Z[0m [34mDEBUG[0m [2mtimefusion::object_store_cache[0m[2m:[0m Foyer cache HIT for range: timefusion/projects/4920cc49-876e-41fa-be63-52d5bcfc037e/otel_logs_and_spans/date=2025-08-06/part-00001-accb7063-9e28-4b0e-a29f-a5a01e930da6-c000.zstd.parquet (range: 1316290..1346164, parquet=true, age=26313ms)
[2m2025-08-06T13:49:26.564113Z[0m [34mDEBUG[0m [2mtimefusion::object_store_cache[0m[2m:[0m Foyer cache HIT for range: timefusion/projects/4920cc49-876e-41fa-be63-52d5bcfc037e/otel_logs_and_spans/date=2025-08-06/part-00001-accb7063-9e28-4b0e-a29f-a5a01e930da6-c000.zstd.parquet (range: 1311826..1316290, parquet=true, age=26314ms)
[2m2025-08-06T13:49:26.564467Z[0m [34mDEBUG[0m [2mtimefusion::object_store_cache[0m[2m:[0m Foyer cache HIT for range: timefusion/projects/4920cc49-876e-41fa-be63-52d5bcfc037e/otel_logs_and_spans/date=2025-08-06/part-00001-accb7063-9e28-4b0e-a29f-a5a01e930da6-c000.zstd.parquet (range: 1141687..1142174, parquet=true, age=26314ms)
[2m2025-08-06T13:49:26.564876Z[0m [34mDEBUG[0m [2mtimefusion::object_store_cache[0m[2m:[0m Foyer cache HIT for range: timefusion/projects/4920cc49-876e-41fa-be63-52d5bcfc037e/otel_logs_and_spans/date=2025-08-06/part-00001-accb7063-9e28-4b0e-a29f-a5a01e930da6-c000.zstd.parquet (range: 4..144937, parquet=true, age=26314ms)
[2m2025-08-06T13:49:27.220379Z[0m [34mDEBUG[0m [2mtimefusion::database[0m[2m:[0m Checking cache for project '4920cc49-876e-41fa-be63-52d5bcfc037e' table 'otel_logs_and_spans', cache contains 1 entries
[2m2025-08-06T13:49:27.220438Z[0m [34mDEBUG[0m [2mtimefusion::database[0m[2m:[0m Found table in cache for project '4920cc49-876e-41fa-be63-52d5bcfc037e' table 'otel_logs_and_spans'
[2m2025-08-06T13:49:27.220447Z[0m [34mDEBUG[0m [2mtimefusion::database[0m[2m:[0m Version check for 4920cc49-876e-41fa-be63-52d5bcfc037e/otel_logs_and_spans: current=2329, last_written=2329, needs_update=false
[2m2025-08-06T13:49:27.220453Z[0m [34mDEBUG[0m [2mtimefusion::database[0m[2m:[0m Skipping update for 4920cc49-876e-41fa-be63-52d5bcfc037e/otel_logs_and_spans - using cached version
[2m2025-08-06T13:49:27.226672Z[0m [34mDEBUG[0m [2mtimefusion::object_store_cache[0m[2m:[0m Foyer cache HIT for range: timefusion/projects/4920cc49-876e-41fa-be63-52d5bcfc037e/otel_logs_and_spans/date=2025-08-06/part-00001-accb7063-9e28-4b0e-a29f-a5a01e930da6-c000.zstd.parquet (range: 1346164..1346172, parquet=true, age=26976ms)
[2m2025-08-06T13:49:27.226690Z[0m [34mDEBUG[0m [2mtimefusion::object_store_cache[0m[2m:[0m Foyer cache HIT for range: timefusion/projects/4920cc49-876e-41fa-be63-52d5bcfc037e/otel_logs_and_spans/date=2025-08-06/part-00001-accb7063-9e28-4b0e-a29f-a5a01e930da6-c000.zstd.parquet (range: 1316290..1346164, parquet=true, age=26976ms)
[2m2025-08-06T13:49:27.227105Z[0m [34mDEBUG[0m [2mtimefusion::object_store_cache[0m[2m:[0m Foyer cache HIT for range: timefusion/projects/4920cc49-876e-41fa-be63-52d5bcfc037e/otel_logs_and_spans/date=2025-08-06/part-00001-accb7063-9e28-4b0e-a29f-a5a01e930da6-c000.zstd.parquet (range: 1311826..1316290, parquet=true, age=26977ms)
[2m2025-08-06T13:49:27.227438Z[0m [34mDEBUG[0m [2mtimefusion::object_store_cache[0m[2m:[0m Foyer cache HIT for range: timefusion/projects/4920cc49-876e-41fa-be63-52d5bcfc037e/otel_logs_and_spans/date=2025-08-06/part-00001-accb7063-9e28-4b0e-a29f-a5a01e930da6-c000.zstd.parquet (range: 1141687..1142174, parquet=true, age=26977ms)
[2m2025-08-06T13:49:27.228594Z[0m [34mDEBUG[0m [2mtimefusion::object_store_cache[0m[2m:[0m Foyer cache HIT for range: timefusion/projects/4920cc49-876e-41fa-be63-52d5bcfc037e/otel_logs_and_spans/date=2025-08-06/part-00001-accb7063-9e28-4b0e-a29f-a5a01e930da6-c000.zstd.parquet (range: 4..144937, parquet=true, age=26978ms)
[2m2025-08-06T13:49:27.930184Z[0m [34mDEBUG[0m [2mtimefusion::database[0m[2m:[0m Checking cache for project '4920cc49-876e-41fa-be63-52d5bcfc037e' table 'otel_logs_and_spans', cache contains 1 entries
[2m2025-08-06T13:49:27.930214Z[0m [34mDEBUG[0m [2mtimefusion::database[0m[2m:[0m Found table in cache for project '4920cc49-876e-41fa-be63-52d5bcfc037e' table 'otel_logs_and_spans'
[2m2025-08-06T13:49:27.930220Z[0m [34mDEBUG[0m [2mtimefusion::database[0m[2m:[0m Version check for 4920cc49-876e-41fa-be63-52d5bcfc037e/otel_logs_and_spans: current=2329, last_written=2329, needs_update=false
[2m2025-08-06T13:49:27.930223Z[0m [34mDEBUG[0m [2mtimefusion::database[0m[2m:[0m Skipping update for 4920cc49-876e-41fa-be63-52d5bcfc037e/otel_logs_and_spans - using cached version
[2m2025-08-06T13:49:27.935963Z[0m [34mDEBUG[0m [2mtimefusion::object_store_cache[0m[2m:[0m Foyer cache HIT for range: timefusion/projects/4920cc49-876e-41fa-be63-52d5bcfc037e/otel_logs_and_spans/date=2025-08-06/part-00001-accb7063-9e28-4b0e-a29f-a5a01e930da6-c000.zstd.parquet (range: 1346164..1346172, parquet=true, age=27685ms)
[2m2025-08-06T13:49:27.935978Z[0m [34mDEBUG[0m [2mtimefusion::object_store_cache[0m[2m:[0m Foyer cache HIT for range: timefusion/projects/4920cc49-876e-41fa-be63-52d5bcfc037e/otel_logs_and_spans/date=2025-08-06/part-00001-accb7063-9e28-4b0e-a29f-a5a01e930da6-c000.zstd.parquet (range: 1316290..1346164, parquet=true, age=27685ms)
[2m2025-08-06T13:49:27.936378Z[0m [34mDEBUG[0m [2mtimefusion::object_store_cache[0m[2m:[0m Foyer cache HIT for range: timefusion/projects/4920cc49-876e-41fa-be63-52d5bcfc037e/otel_logs_and_spans/date=2025-08-06/part-00001-accb7063-9e28-4b0e-a29f-a5a01e930da6-c000.zstd.parquet (range: 1311826..1316290, parquet=true, age=27686ms)
[2m2025-08-06T13:49:27.936701Z[0m [34mDEBUG[0m [2mtimefusion::object_store_cache[0m[2m:[0m Foyer cache HIT for range: timefusion/projects/4920cc49-876e-41fa-be63-52d5bcfc037e/otel_logs_and_spans/date=2025-08-06/part-00001-accb7063-9e28-4b0e-a29f-a5a01e930da6-c000.zstd.parquet (range: 1141687..1142174, parquet=true, age=27686ms)
[2m2025-08-06T13:49:27.937021Z[0m [34mDEBUG[0m [2mtimefusion::object_store_cache[0m[2m:[0m Foyer cache HIT for range: timefusion/projects/4920cc49-876e-41fa-be63-52d5bcfc037e/otel_logs_and_spans/date=2025-08-06/part-00001-accb7063-9e28-4b0e-a29f-a5a01e930da6-c000.zstd.parquet (range: 4..144937, parquet=true, age=27687ms)
[2m2025-08-06T13:49:28.648443Z[0m [34mDEBUG[0m [2mtimefusion::database[0m[2m:[0m Checking cache for project '4920cc49-876e-41fa-be63-52d5bcfc037e' table 'otel_logs_and_spans', cache contains 1 entries
[2m2025-08-06T13:49:28.648467Z[0m [34mDEBUG[0m [2mtimefusion::database[0m[2m:[0m Found table in cache for project '4920cc49-876e-41fa-be63-52d5bcfc037e' table 'otel_logs_and_spans'
[2m2025-08-06T13:49:28.648472Z[0m [34mDEBUG[0m [2mtimefusion::database[0m[2m:[0m Version check for 4920cc49-876e-41fa-be63-52d5bcfc037e/otel_logs_and_spans: current=2329, last_written=2329, needs_update=false
[2m2025-08-06T13:49:28.648475Z[0m [34mDEBUG[0m [2mtimefusion::database[0m[2m:[0m Skipping update for 4920cc49-876e-41fa-be63-52d5bcfc037e/otel_logs_and_spans - using cached version
[2m2025-08-06T13:49:28.654391Z[0m [34mDEBUG[0m [2mtimefusion::object_store_cache[0m[2m:[0m Foyer cache HIT for range: timefusion/projects/4920cc49-876e-41fa-be63-52d5bcfc037e/otel_logs_and_spans/date=2025-08-06/part-00001-accb7063-9e28-4b0e-a29f-a5a01e930da6-c000.zstd.parquet (range: 1346164..1346172, parquet=true, age=28404ms)
[2m2025-08-06T13:49:28.654416Z[0m [34mDEBUG[0m [2mtimefusion::object_store_cache[0m[2m:[0m Foyer cache HIT for range: timefusion/projects/4920cc49-876e-41fa-be63-52d5bcfc037e/otel_logs_and_spans/date=2025-08-06/part-00001-accb7063-9e28-4b0e-a29f-a5a01e930da6-c000.zstd.parquet (range: 1316290..1346164, parquet=true, age=28404ms)
[2m2025-08-06T13:49:28.654843Z[0m [34mDEBUG[0m [2mtimefusion::object_store_cache[0m[2m:[0m Foyer cache HIT for range: timefusion/projects/4920cc49-876e-41fa-be63-52d5bcfc037e/otel_logs_and_spans/date=2025-08-06/part-00001-accb7063-9e28-4b0e-a29f-a5a01e930da6-c000.zstd.parquet (range: 1311826..1316290, parquet=true, age=28404ms)
[2m2025-08-06T13:49:28.655146Z[0m [34mDEBUG[0m [2mtimefusion::object_store_cache[0m[2m:[0m Foyer cache HIT for range: timefusion/projects/4920cc49-876e-41fa-be63-52d5bcfc037e/otel_logs_and_spans/date=2025-08-06/part-00001-accb7063-9e28-4b0e-a29f-a5a01e930da6-c000.zstd.parquet (range: 1141687..1142174, parquet=true, age=28405ms)
[2m2025-08-06T13:49:28.655851Z[0m [34mDEBUG[0m [2mtimefusion::object_store_cache[0m[2m:[0m Foyer cache HIT for range: timefusion/projects/4920cc49-876e-41fa-be63-52d5bcfc037e/otel_logs_and_spans/date=2025-08-06/part-00001-accb7063-9e28-4b0e-a29f-a5a01e930da6-c000.zstd.parquet (range: 4..144937, parquet=true, age=28405ms)
[2m2025-08-06T13:50:00.468078Z[0m [32m INFO[0m [2mtimefusion::object_store_cache[0m[2m:[0m Foyer cache stats - Hit rate: 80.24%, Hits: 134, Misses: 33, TTL expirations: 0, Inner gets: 33, Inner puts: 0
[2m2025-08-06T13:50:00.468101Z[0m [32m INFO[0m [2mtimefusion::database[0m[2m:[0m Statistics cache: 0/50 entries used
